#
# There is insufficient memory for the Java Runtime Environment to continue.
# Native memory allocation (malloc) failed to allocate 37312 bytes for Chunk::new
# Possible reasons:
#   The system is out of physical RAM or swap space
#   The process is running with CompressedOops enabled, and the Java Heap may be blocking the growth of the native heap
# Possible solutions:
#   Reduce memory load on the system
#   Increase physical memory or swap space
#   Check if swap backing store is full
#   Decrease Java heap size (-Xmx/-Xms)
#   Decrease number of Java threads
#   Decrease Java thread stack sizes (-Xss)
#   Set larger code cache with -XX:ReservedCodeCacheSize=
#   JVM is running with Unscaled Compressed Oops mode in which the Java heap is
#     placed in the first 4GB address space. The Java Heap base address is the
#     maximum limit for the native heap growth. Please use -XX:HeapBaseMinAddress
#     to set the Java Heap base and to place the Java Heap above 4GB virtual address.
# This output file may be truncated or incomplete.
#
#  Out of Memory Error (allocation.cpp:389), pid=5836, tid=0x0000000000002088
#
# JRE version: OpenJDK Runtime Environment (8.0_232-b09) (build 1.8.0_232-b09)
# Java VM: OpenJDK 64-Bit Server VM (25.232-b09 mixed mode windows-amd64 compressed oops)
# Failed to write core dump. Minidumps are not enabled by default on client versions of Windows
#

---------------  T H R E A D  ---------------

Current thread (0x0000027d97ebe800):  JavaThread "C2 CompilerThread0" daemon [_thread_in_native, id=8328, stack(0x000000c21b400000,0x000000c21b500000)]

Stack: [0x000000c21b400000,0x000000c21b500000]
[error occurred during error reporting (printing stack bounds), id 0xc0000005]

Native frames: (J=compiled Java code, j=interpreted, Vv=VM code, C=native code)


Current CompileTask:
C2:  38787 4751       4       java.math.BigDecimal::intValue (32 bytes)


---------------  P R O C E S S  ---------------

Java Threads: ( => current thread )
  0x0000027d9c377800 JavaThread "LWJGL Timer" daemon [_thread_blocked, id=1528, stack(0x000000c21c100000,0x000000c21c200000)]
  0x0000027d9b877000 JavaThread "LWJGL Application" [_thread_in_native, id=5544, stack(0x000000c21bd00000,0x000000c21be00000)]
  0x0000027d98c56800 JavaThread "com.google.inject.internal.util.$Finalizer" daemon [_thread_blocked, id=10524, stack(0x000000c21ba00000,0x000000c21bb00000)]
  0x0000027d99144800 JavaThread "EMF Reference Cleaner" daemon [_thread_blocked, id=4336, stack(0x000000c21b900000,0x000000c21ba00000)]
  0x0000027d97f49800 JavaThread "Service Thread" daemon [_thread_blocked, id=2884, stack(0x000000c21b700000,0x000000c21b800000)]
  0x0000027d97eca800 JavaThread "C1 CompilerThread2" daemon [_thread_blocked, id=8880, stack(0x000000c21b600000,0x000000c21b700000)]
  0x0000027d97ec4000 JavaThread "C2 CompilerThread1" daemon [_thread_blocked, id=9536, stack(0x000000c21b500000,0x000000c21b600000)]
=>0x0000027d97ebe800 JavaThread "C2 CompilerThread0" daemon [_thread_in_native, id=8328, stack(0x000000c21b400000,0x000000c21b500000)]
  0x0000027d97ebb800 JavaThread "Attach Listener" daemon [_thread_blocked, id=212, stack(0x000000c21b300000,0x000000c21b400000)]
  0x0000027d97eba000 JavaThread "Signal Dispatcher" daemon [_thread_blocked, id=10516, stack(0x000000c21b200000,0x000000c21b300000)]
  0x0000027d97e95800 JavaThread "Finalizer" daemon [_thread_blocked, id=2408, stack(0x000000c21b100000,0x000000c21b200000)]
  0x0000027d97e8a800 JavaThread "Reference Handler" daemon [_thread_blocked, id=2468, stack(0x000000c21b000000,0x000000c21b100000)]
  0x0000027d82188000 JavaThread "main" [_thread_blocked, id=5212, stack(0x000000c21aa00000,0x000000c21ab00000)]

Other Threads:
  0x0000027d9775e800 VMThread [stack: 0x000000c21af00000,0x000000c21b000000] [id=3752]
  0x0000027d97f58000 WatcherThread [stack: 0x000000c21b800000,0x000000c21b900000] [id=7216]

VM state:not at safepoint (normal execution)

VM Mutex/Monitor currently owned by a thread: None

heap address: 0x0000000091200000, size: 1774 MB, Compressed Oops mode: 32-bit
Narrow klass base: 0x0000000000000000, Narrow klass shift: 3
Compressed class space size: 1073741824 Address: 0x0000000100000000

Heap:
 PSYoungGen      total 331776K, used 89947K [0x00000000db100000, 0x00000000f0580000, 0x0000000100000000)
  eden space 320512K, 27% used [0x00000000db100000,0x00000000e089ec70,0x00000000eea00000)
  from space 11264K, 1% used [0x00000000eea00000,0x00000000eea38000,0x00000000ef500000)
  to   space 10752K, 0% used [0x00000000efb00000,0x00000000efb00000,0x00000000f0580000)
 ParOldGen       total 83456K, used 26571K [0x0000000091200000, 0x0000000096380000, 0x00000000db100000)
  object space 83456K, 31% used [0x0000000091200000,0x0000000092bf2c08,0x0000000096380000)
 Metaspace       used 23141K, capacity 23439K, committed 23552K, reserved 1071104K
  class space    used 2710K, capacity 2780K, committed 2816K, reserved 1048576K

Card table byte_map: [0x0000027d92da0000,0x0000027d93120000] byte_map_base: 0x0000027d92917000

Marking Bits: (ParMarkBitMap*) 0x00000000614e5f70
 Begin Bits: [0x0000027d93370000, 0x0000027d94f28000)
 End Bits:   [0x0000027d94f28000, 0x0000027d96ae0000)

Polling page: 0x0000027d820c0000

CodeCache: size=245760Kb used=15651Kb max_used=16170Kb free=230108Kb
 bounds [0x0000027d839e0000, 0x0000027d849e0000, 0x0000027d929e0000]
 total_blobs=4968 nmethods=4398 adapters=483
 compilation: enabled

Compilation events (10 events):
Event: 37.680 Thread 0x0000027d97ec4000 4747       4       java.util.regex.Pattern::clazz (405 bytes)
Event: 37.695 Thread 0x0000027d97ec4000 nmethod 4747 0x0000027d83bbb650 code [0x0000027d83bbb8c0, 0x0000027d83bbc538]
Event: 37.804 Thread 0x0000027d97eca800 4748       3       java.util.Vector$Itr::hasNext (20 bytes)
Event: 37.805 Thread 0x0000027d97eca800 nmethod 4748 0x0000027d83f3bfd0 code [0x0000027d83f3c120, 0x0000027d83f3c2d8]
Event: 37.961 Thread 0x0000027d97ebe800 4749       4       com.badlogic.gdx.graphics.g2d.BitmapFontCache::addToCache (323 bytes)
Event: 37.980 Thread 0x0000027d97ebe800 nmethod 4749 0x0000027d83b26690 code [0x0000027d83b268a0, 0x0000027d83b277c8]
Event: 38.614 Thread 0x0000027d97ec4000 4750       4       org.uqbar.project.wollok.interpreter.WollokInterpreterEvaluator$2::apply (9 bytes)
Event: 38.615 Thread 0x0000027d97ec4000 nmethod 4750 0x0000027d83b26210 code [0x0000027d83b26360, 0x0000027d83b26488]
Event: 38.778 Thread 0x0000027d97ebe800 4751       4       java.math.BigDecimal::intValue (32 bytes)
Event: 38.778 Thread 0x0000027d97ec4000 4752       4       java.math.BigDecimal::longValue (56 bytes)

GC Heap History (10 events):
Event: 30.620 GC heap before
{Heap before GC invocations=20 (full 1):
 PSYoungGen      total 323072K, used 311566K [0x00000000db100000, 0x00000000efb80000, 0x0000000100000000)
  eden space 310784K, 100% used [0x00000000db100000,0x00000000ee080000,0x00000000ee080000)
  from space 12288K, 6% used [0x00000000eef80000,0x00000000ef043890,0x00000000efb80000)
  to   space 13824K, 0% used [0x00000000ee080000,0x00000000ee080000,0x00000000eee00000)
 ParOldGen       total 83456K, used 25903K [0x0000000091200000, 0x0000000096380000, 0x00000000db100000)
  object space 83456K, 31% used [0x0000000091200000,0x0000000092b4bd70,0x0000000096380000)
 Metaspace       used 23140K, capacity 23439K, committed 23552K, reserved 1071104K
  class space    used 2710K, capacity 2780K, committed 2816K, reserved 1048576K
Event: 30.622 GC heap after
Heap after GC invocations=20 (full 1):
 PSYoungGen      total 324608K, used 782K [0x00000000db100000, 0x00000000f0180000, 0x0000000100000000)
  eden space 310784K, 0% used [0x00000000db100000,0x00000000db100000,0x00000000ee080000)
  from space 13824K, 5% used [0x00000000ee080000,0x00000000ee143890,0x00000000eee00000)
  to   space 12800K, 0% used [0x00000000ef500000,0x00000000ef500000,0x00000000f0180000)
 ParOldGen       total 83456K, used 25911K [0x0000000091200000, 0x0000000096380000, 0x00000000db100000)
  object space 83456K, 31% used [0x0000000091200000,0x0000000092b4dd70,0x0000000096380000)
 Metaspace       used 23140K, capacity 23439K, committed 23552K, reserved 1071104K
  class space    used 2710K, capacity 2780K, committed 2816K, reserved 1048576K
}
Event: 32.555 GC heap before
{Heap before GC invocations=21 (full 1):
 PSYoungGen      total 324608K, used 311566K [0x00000000db100000, 0x00000000f0180000, 0x0000000100000000)
  eden space 310784K, 100% used [0x00000000db100000,0x00000000ee080000,0x00000000ee080000)
  from space 13824K, 5% used [0x00000000ee080000,0x00000000ee143890,0x00000000eee00000)
  to   space 12800K, 0% used [0x00000000ef500000,0x00000000ef500000,0x00000000f0180000)
 ParOldGen       total 83456K, used 25911K [0x0000000091200000, 0x0000000096380000, 0x00000000db100000)
  object space 83456K, 31% used [0x0000000091200000,0x0000000092b4dd70,0x0000000096380000)
 Metaspace       used 23140K, capacity 23439K, committed 23552K, reserved 1071104K
  class space    used 2710K, capacity 2780K, committed 2816K, reserved 1048576K
Event: 32.557 GC heap after
Heap after GC invocations=21 (full 1):
 PSYoungGen      total 329728K, used 750K [0x00000000db100000, 0x00000000f0000000, 0x0000000100000000)
  eden space 318464K, 0% used [0x00000000db100000,0x00000000db100000,0x00000000ee800000)
  from space 11264K, 6% used [0x00000000ef500000,0x00000000ef5bb890,0x00000000f0000000)
  to   space 12288K, 0% used [0x00000000ee800000,0x00000000ee800000,0x00000000ef400000)
 ParOldGen       total 83456K, used 25911K [0x0000000091200000, 0x0000000096380000, 0x00000000db100000)
  object space 83456K, 31% used [0x0000000091200000,0x0000000092b4dd70,0x0000000096380000)
 Metaspace       used 23140K, capacity 23439K, committed 23552K, reserved 1071104K
  class space    used 2710K, capacity 2780K, committed 2816K, reserved 1048576K
}
Event: 34.558 GC heap before
{Heap before GC invocations=22 (full 1):
 PSYoungGen      total 329728K, used 319214K [0x00000000db100000, 0x00000000f0000000, 0x0000000100000000)
  eden space 318464K, 100% used [0x00000000db100000,0x00000000ee800000,0x00000000ee800000)
  from space 11264K, 6% used [0x00000000ef500000,0x00000000ef5bb890,0x00000000f0000000)
  to   space 12288K, 0% used [0x00000000ee800000,0x00000000ee800000,0x00000000ef400000)
 ParOldGen       total 83456K, used 25911K [0x0000000091200000, 0x0000000096380000, 0x00000000db100000)
  object space 83456K, 31% used [0x0000000091200000,0x0000000092b4dd70,0x0000000096380000)
 Metaspace       used 23140K, capacity 23439K, committed 23552K, reserved 1071104K
  class space    used 2710K, capacity 2780K, committed 2816K, reserved 1048576K
Event: 34.560 GC heap after
Heap after GC invocations=22 (full 1):
 PSYoungGen      total 330752K, used 288K [0x00000000db100000, 0x00000000f0000000, 0x0000000100000000)
  eden space 318464K, 0% used [0x00000000db100000,0x00000000db100000,0x00000000ee800000)
  from space 12288K, 2% used [0x00000000ee800000,0x00000000ee848000,0x00000000ef400000)
  to   space 11264K, 0% used [0x00000000ef500000,0x00000000ef500000,0x00000000f0000000)
 ParOldGen       total 83456K, used 26475K [0x0000000091200000, 0x0000000096380000, 0x00000000db100000)
  object space 83456K, 31% used [0x0000000091200000,0x0000000092bdac08,0x0000000096380000)
 Metaspace       used 23140K, capacity 23439K, committed 23552K, reserved 1071104K
  class space    used 2710K, capacity 2780K, committed 2816K, reserved 1048576K
}
Event: 36.436 GC heap before
{Heap before GC invocations=23 (full 1):
 PSYoungGen      total 330752K, used 318752K [0x00000000db100000, 0x00000000f0000000, 0x0000000100000000)
  eden space 318464K, 100% used [0x00000000db100000,0x00000000ee800000,0x00000000ee800000)
  from space 12288K, 2% used [0x00000000ee800000,0x00000000ee848000,0x00000000ef400000)
  to   space 11264K, 0% used [0x00000000ef500000,0x00000000ef500000,0x00000000f0000000)
 ParOldGen       total 83456K, used 26475K [0x0000000091200000, 0x0000000096380000, 0x00000000db100000)
  object space 83456K, 31% used [0x0000000091200000,0x0000000092bdac08,0x0000000096380000)
 Metaspace       used 23141K, capacity 23439K, committed 23552K, reserved 1071104K
  class space    used 2710K, capacity 2780K, committed 2816K, reserved 1048576K
Event: 36.437 GC heap after
Heap after GC invocations=23 (full 1):
 PSYoungGen      total 331776K, used 256K [0x00000000db100000, 0x00000000f0500000, 0x0000000100000000)
  eden space 320512K, 0% used [0x00000000db100000,0x00000000db100000,0x00000000eea00000)
  from space 11264K, 2% used [0x00000000ef500000,0x00000000ef540000,0x00000000f0000000)
  to   space 11264K, 0% used [0x00000000eea00000,0x00000000eea00000,0x00000000ef500000)
 ParOldGen       total 83456K, used 26531K [0x0000000091200000, 0x0000000096380000, 0x00000000db100000)
  object space 83456K, 31% used [0x0000000091200000,0x0000000092be8c08,0x0000000096380000)
 Metaspace       used 23141K, capacity 23439K, committed 23552K, reserved 1071104K
  class space    used 2710K, capacity 2780K, committed 2816K, reserved 1048576K
}
Event: 38.340 GC heap before
{Heap before GC invocations=24 (full 1):
 PSYoungGen      total 331776K, used 320768K [0x00000000db100000, 0x00000000f0500000, 0x0000000100000000)
  eden space 320512K, 100% used [0x00000000db100000,0x00000000eea00000,0x00000000eea00000)
  from space 11264K, 2% used [0x00000000ef500000,0x00000000ef540000,0x00000000f0000000)
  to   space 11264K, 0% used [0x00000000eea00000,0x00000000eea00000,0x00000000ef500000)
 ParOldGen       total 83456K, used 26531K [0x0000000091200000, 0x0000000096380000, 0x00000000db100000)
  object space 83456K, 31% used [0x0000000091200000,0x0000000092be8c08,0x0000000096380000)
 Metaspace       used 23141K, capacity 23439K, committed 23552K, reserved 1071104K
  class space    used 2710K, capacity 2780K, committed 2816K, reserved 1048576K
Event: 38.342 GC heap after
Heap after GC invocations=24 (full 1):
 PSYoungGen      total 331776K, used 224K [0x00000000db100000, 0x00000000f0580000, 0x0000000100000000)
  eden space 320512K, 0% used [0x00000000db100000,0x00000000db100000,0x00000000eea00000)
  from space 11264K, 1% used [0x00000000eea00000,0x00000000eea38000,0x00000000ef500000)
  to   space 10752K, 0% used [0x00000000efb00000,0x00000000efb00000,0x00000000f0580000)
 ParOldGen       total 83456K, used 26571K [0x0000000091200000, 0x0000000096380000, 0x00000000db100000)
  object space 83456K, 31% used [0x0000000091200000,0x0000000092bf2c08,0x0000000096380000)
 Metaspace       used 23141K, capacity 23439K, committed 23552K, reserved 1071104K
  class space    used 2710K, capacity 2780K, committed 2816K, reserved 1048576K
}

Deoptimization events (10 events):
Event: 9.267 Thread 0x0000027d9b877000 Uncommon trap: reason=null_check action=make_not_entrant pc=0x0000027d848a82dc method=org.eclipse.xtext.resource.impl.ResourceDescriptionsProvider.getResourceDescriptions(Lorg/eclipse/emf/ecore/resource/ResourceSet;)Lorg/eclipse/xtext/resource/IResourceDe
Event: 9.660 Thread 0x0000027d9b877000 Uncommon trap: reason=unstable_if action=reinterpret pc=0x0000027d846cbe94 method=java.util.concurrent.locks.AbstractQueuedSynchronizer.release(I)Z @ 14
Event: 30.176 Thread 0x0000027d9b877000 Uncommon trap: reason=unstable_if action=reinterpret pc=0x0000027d8485986c method=java.math.BigDecimal.valueOf(J)Ljava/math/BigDecimal; @ 3
Event: 30.176 Thread 0x0000027d9b877000 Uncommon trap: reason=unstable_if action=reinterpret pc=0x0000027d846cdf6c method=java.math.BigInteger.signInt()I @ 4
Event: 30.178 Thread 0x0000027d9b877000 Uncommon trap: reason=unstable_if action=reinterpret pc=0x0000027d8478a800 method=java.math.BigDecimal.valueOf(J)Ljava/math/BigDecimal; @ 3
Event: 30.178 Thread 0x0000027d9b877000 Uncommon trap: reason=unstable_if action=reinterpret pc=0x0000027d8478d5c0 method=java.math.BigDecimal.valueOf(J)Ljava/math/BigDecimal; @ 3
Event: 30.178 Thread 0x0000027d9b877000 Uncommon trap: reason=unstable_if action=reinterpret pc=0x0000027d83c742ec method=java.math.BigDecimal.valueOf(J)Ljava/math/BigDecimal; @ 3
Event: 30.623 Thread 0x0000027d9b877000 Uncommon trap: reason=unstable_if action=reinterpret pc=0x0000027d849766dc method=java.math.BigDecimal.valueOf(J)Ljava/math/BigDecimal; @ 3
Event: 30.782 Thread 0x0000027d9b877000 Uncommon trap: reason=unstable_if action=reinterpret pc=0x0000027d84880f40 method=java.math.BigDecimal.valueOf(J)Ljava/math/BigDecimal; @ 3
Event: 30.782 Thread 0x0000027d9b877000 Uncommon trap: reason=unstable_if action=reinterpret pc=0x0000027d84879970 method=java.math.BigInteger.valueOf(J)Ljava/math/BigInteger; @ 13

Classes redefined (0 events):
No events

Internal exceptions (10 events):
Event: 3.047 Thread 0x0000027d82188000 Exception <a 'java/lang/reflect/InvocationTargetException'> (0x00000000de34b9b0) thrown at [C:\cygwin64\tmp\openjdk-jdk8u-windows-x64-hotspot\workspace\build\src\hotspot\src\share\vm\runtime\reflection.cpp, line 1092]
Event: 3.051 Thread 0x0000027d82188000 Exception <a 'java/lang/reflect/InvocationTargetException'> (0x00000000de396748) thrown at [C:\cygwin64\tmp\openjdk-jdk8u-windows-x64-hotspot\workspace\build\src\hotspot\src\share\vm\runtime\reflection.cpp, line 1092]
Event: 3.055 Thread 0x0000027d82188000 Exception <a 'java/lang/reflect/InvocationTargetException'> (0x00000000de3e1598) thrown at [C:\cygwin64\tmp\openjdk-jdk8u-windows-x64-hotspot\workspace\build\src\hotspot\src\share\vm\runtime\reflection.cpp, line 1092]
Event: 3.675 Thread 0x0000027d82188000 Exception <a 'java/security/PrivilegedActionException'> (0x00000000dc359b98) thrown at [C:\cygwin64\tmp\openjdk-jdk8u-windows-x64-hotspot\workspace\build\src\hotspot\src\share\vm\prims\jvm.cpp, line 1502]
Event: 3.675 Thread 0x0000027d82188000 Exception <a 'java/security/PrivilegedActionException'> (0x00000000dc35b0c8) thrown at [C:\cygwin64\tmp\openjdk-jdk8u-windows-x64-hotspot\workspace\build\src\hotspot\src\share\vm\prims\jvm.cpp, line 1502]
Event: 3.675 Thread 0x0000027d82188000 Exception <a 'java/security/PrivilegedActionException'> (0x00000000dc35c4f8) thrown at [C:\cygwin64\tmp\openjdk-jdk8u-windows-x64-hotspot\workspace\build\src\hotspot\src\share\vm\prims\jvm.cpp, line 1502]
Event: 3.675 Thread 0x0000027d82188000 Exception <a 'java/security/PrivilegedActionException'> (0x00000000dc35dbb8) thrown at [C:\cygwin64\tmp\openjdk-jdk8u-windows-x64-hotspot\workspace\build\src\hotspot\src\share\vm\prims\jvm.cpp, line 1502]
Event: 3.675 Thread 0x0000027d82188000 Exception <a 'java/security/PrivilegedActionException'> (0x00000000dc35efb0) thrown at [C:\cygwin64\tmp\openjdk-jdk8u-windows-x64-hotspot\workspace\build\src\hotspot\src\share\vm\prims\jvm.cpp, line 1502]
Event: 3.675 Thread 0x0000027d82188000 Exception <a 'java/security/PrivilegedActionException'> (0x00000000dc360378) thrown at [C:\cygwin64\tmp\openjdk-jdk8u-windows-x64-hotspot\workspace\build\src\hotspot\src\share\vm\prims\jvm.cpp, line 1502]
Event: 4.234 Thread 0x0000027d9b877000 Implicit null exception at 0x0000027d83d630c0 to 0x0000027d83d636c1

Events (10 events):
Event: 38.615 Thread 0x0000027d97ec4000 flushing nmethod 0x0000027d83b3ea10
Event: 38.616 Thread 0x0000027d97ec4000 flushing nmethod 0x0000027d83b40550
Event: 38.616 Thread 0x0000027d97ec4000 flushing nmethod 0x0000027d83b54810
Event: 38.616 Thread 0x0000027d97ec4000 flushing nmethod 0x0000027d83b581d0
Event: 38.616 Thread 0x0000027d97ec4000 flushing nmethod 0x0000027d83b58690
Event: 38.616 Thread 0x0000027d97ec4000 flushing nmethod 0x0000027d83b597d0
Event: 38.616 Thread 0x0000027d97ec4000 flushing nmethod 0x0000027d83b5abd0
Event: 38.616 Thread 0x0000027d97ec4000 flushing nmethod 0x0000027d83b5f210
Event: 38.616 Thread 0x0000027d97ec4000 flushing nmethod 0x0000027d83b62e90
Event: 38.616 Thread 0x0000027d97ec4000 flushing nmethod 0x0000027d83b94290


Dynamic libraries:
0x00007ff7df180000 - 0x00007ff7df1ba000 	C:\Program Files\AdoptOpenJDK\jdk-8.0.232.09-hotspot\bin\javaw.exe
0x00007ffd5dd20000 - 0x00007ffd5df10000 	C:\WINDOWS\SYSTEM32\ntdll.dll
0x00007ffd545a0000 - 0x00007ffd545b4000 	C:\Program Files (x86)\AVG\Antivirus\aswhook.dll
0x00007ffd5dc20000 - 0x00007ffd5dcd2000 	C:\WINDOWS\System32\KERNEL32.DLL
0x00007ffd5acb0000 - 0x00007ffd5af53000 	C:\WINDOWS\System32\KERNELBASE.dll
0x00007ffd5d1c0000 - 0x00007ffd5d263000 	C:\WINDOWS\System32\ADVAPI32.dll
0x00007ffd5be30000 - 0x00007ffd5bece000 	C:\WINDOWS\System32\msvcrt.dll
0x00007ffd5d110000 - 0x00007ffd5d1a7000 	C:\WINDOWS\System32\sechost.dll
0x00007ffd5d9e0000 - 0x00007ffd5db00000 	C:\WINDOWS\System32\RPCRT4.dll
0x00007ffd5d550000 - 0x00007ffd5d6e4000 	C:\WINDOWS\System32\USER32.dll
0x00007ffd5b250000 - 0x00007ffd5b271000 	C:\WINDOWS\System32\win32u.dll
0x00007ffd5c770000 - 0x00007ffd5c796000 	C:\WINDOWS\System32\GDI32.dll
0x00007ffd5bb10000 - 0x00007ffd5bca4000 	C:\WINDOWS\System32\gdi32full.dll
0x00007ffd5bd30000 - 0x00007ffd5bdce000 	C:\WINDOWS\System32\msvcp_win.dll
0x00007ffd5b000000 - 0x00007ffd5b0fa000 	C:\WINDOWS\System32\ucrtbase.dll
0x00007ffd4a310000 - 0x00007ffd4a595000 	C:\WINDOWS\WinSxS\amd64_microsoft.windows.common-controls_6595b64144ccf1df_6.0.18362.418_none_e6c6b287130d565d\COMCTL32.dll
0x00007ffd5c960000 - 0x00007ffd5cc96000 	C:\WINDOWS\System32\combase.dll
0x00007ffd5af80000 - 0x00007ffd5b000000 	C:\WINDOWS\System32\bcryptPrimitives.dll
0x00007ffd5d340000 - 0x00007ffd5d36e000 	C:\WINDOWS\System32\IMM32.DLL
0x00007ffd3daf0000 - 0x00007ffd3dbdf000 	C:\Program Files\AdoptOpenJDK\jdk-8.0.232.09-hotspot\jre\bin\msvcr120.dll
0x00007ffd4f960000 - 0x00007ffd4fa06000 	C:\Program Files\AdoptOpenJDK\jdk-8.0.232.09-hotspot\jre\bin\msvcp120.dll
0x0000000060d60000 - 0x000000006155f000 	C:\Program Files\AdoptOpenJDK\jdk-8.0.232.09-hotspot\jre\bin\server\jvm.dll
0x00007ffd5d1b0000 - 0x00007ffd5d1b8000 	C:\WINDOWS\System32\PSAPI.DLL
0x00007ffd4dff0000 - 0x00007ffd4dff9000 	C:\WINDOWS\SYSTEM32\WSOCK32.dll
0x00007ffd5db00000 - 0x00007ffd5db6f000 	C:\WINDOWS\System32\WS2_32.dll
0x00007ffd58ba0000 - 0x00007ffd58bc4000 	C:\WINDOWS\SYSTEM32\WINMM.dll
0x00007ffd55cf0000 - 0x00007ffd55cfa000 	C:\WINDOWS\SYSTEM32\VERSION.dll
0x00007ffd58b70000 - 0x00007ffd58b9d000 	C:\WINDOWS\SYSTEM32\WINMMBASE.dll
0x00007ffd5bce0000 - 0x00007ffd5bd2a000 	C:\WINDOWS\System32\cfgmgr32.dll
0x00007ffd576d0000 - 0x00007ffd576df000 	C:\Program Files\AdoptOpenJDK\jdk-8.0.232.09-hotspot\jre\bin\verify.dll
0x00007ffd52d00000 - 0x00007ffd52d28000 	C:\Program Files\AdoptOpenJDK\jdk-8.0.232.09-hotspot\jre\bin\java.dll
0x00007ffd570b0000 - 0x00007ffd570c6000 	C:\Program Files\AdoptOpenJDK\jdk-8.0.232.09-hotspot\jre\bin\zip.dll
0x00007ffd5c080000 - 0x00007ffd5c765000 	C:\WINDOWS\System32\SHELL32.dll
0x00007ffd5db70000 - 0x00007ffd5dc19000 	C:\WINDOWS\System32\shcore.dll
0x00007ffd5b280000 - 0x00007ffd5b9ff000 	C:\WINDOWS\System32\windows.storage.dll
0x00007ffd5ac90000 - 0x00007ffd5acaf000 	C:\WINDOWS\System32\profapi.dll
0x00007ffd5ac20000 - 0x00007ffd5ac6a000 	C:\WINDOWS\System32\powrprof.dll
0x00007ffd5abf0000 - 0x00007ffd5ac00000 	C:\WINDOWS\System32\UMPDC.dll
0x00007ffd5d270000 - 0x00007ffd5d2c2000 	C:\WINDOWS\System32\shlwapi.dll
0x00007ffd5ac70000 - 0x00007ffd5ac81000 	C:\WINDOWS\System32\kernel.appcore.dll
0x00007ffd5af60000 - 0x00007ffd5af77000 	C:\WINDOWS\System32\cryptsp.dll
0x0000000065580000 - 0x0000000065616000 	C:\Users\fedec\AppData\Local\Temp\libgdxfedec\12dfaa03\gdx64.dll
0x00007ffd59f70000 - 0x00007ffd59fa3000 	C:\WINDOWS\system32\rsaenh.dll
0x00007ffd5bcb0000 - 0x00007ffd5bcd6000 	C:\WINDOWS\System32\bcrypt.dll
0x00007ffd5ab10000 - 0x00007ffd5ab35000 	C:\WINDOWS\SYSTEM32\USERENV.dll
0x00007ffd5a5d0000 - 0x00007ffd5a5dc000 	C:\WINDOWS\SYSTEM32\CRYPTBASE.dll
0x00007ffd51f80000 - 0x00007ffd51f9a000 	C:\Program Files\AdoptOpenJDK\jdk-8.0.232.09-hotspot\jre\bin\net.dll
0x00007ffd5a400000 - 0x00007ffd5a467000 	C:\WINDOWS\system32\mswsock.dll
0x00007ffd5a110000 - 0x00007ffd5a14a000 	C:\WINDOWS\SYSTEM32\IPHLPAPI.DLL
0x00007ffd5d540000 - 0x00007ffd5d548000 	C:\WINDOWS\System32\NSI.dll
0x00007ffd56200000 - 0x00007ffd56216000 	C:\WINDOWS\SYSTEM32\dhcpcsvc6.DLL
0x00007ffd561d0000 - 0x00007ffd561ec000 	C:\WINDOWS\SYSTEM32\dhcpcsvc.DLL
0x00007ffd5a150000 - 0x00007ffd5a21a000 	C:\WINDOWS\SYSTEM32\DNSAPI.dll
0x00007ffd4fb70000 - 0x00007ffd4fb82000 	C:\Program Files\AdoptOpenJDK\jdk-8.0.232.09-hotspot\jre\bin\nio.dll
0x0000000180000000 - 0x0000000180053000 	C:\Users\fedec\AppData\Local\Temp\libgdxfedec\dc0f0009\lwjgl64.dll
0x00007ffd35ad0000 - 0x00007ffd35c26000 	C:\WINDOWS\SYSTEM32\OPENGL32.dll
0x00007ffd52180000 - 0x00007ffd521ac000 	C:\WINDOWS\SYSTEM32\GLU32.dll
0x00007ffd59860000 - 0x00007ffd59880000 	C:\WINDOWS\SYSTEM32\dxcore.dll
0x0000027d9d180000 - 0x0000027d9d1e4000 	C:\Users\fedec\AppData\Local\Temp\libgdxfedec\dc0f0009\OpenAL64.dll
0x00007ffd5d870000 - 0x00007ffd5d9c6000 	C:\WINDOWS\System32\ole32.dll
0x00007ffd58f70000 - 0x00007ffd59009000 	C:\WINDOWS\system32\uxtheme.dll
0x00007ffd5d6f0000 - 0x00007ffd5d792000 	C:\WINDOWS\System32\clbcatq.dll
0x00007ffd49f30000 - 0x00007ffd49fc9000 	C:\WINDOWS\SYSTEM32\dsound.dll
0x00007ffd56580000 - 0x00007ffd565f2000 	C:\WINDOWS\System32\MMDevApi.dll
0x00007ffd5a9f0000 - 0x00007ffd5aa1a000 	C:\WINDOWS\System32\DEVOBJ.dll
0x00007ffd56690000 - 0x00007ffd567ed000 	C:\WINDOWS\SYSTEM32\AUDIOSES.DLL
0x00007ffd5d7a0000 - 0x00007ffd5d864000 	C:\WINDOWS\System32\OLEAUT32.dll
0x00007ffd56aa0000 - 0x00007ffd56bf3000 	C:\WINDOWS\SYSTEM32\wintypes.dll
0x00007ffd592a0000 - 0x00007ffd592b4000 	C:\WINDOWS\SYSTEM32\resourcepolicyclient.dll
0x00007ffd535f0000 - 0x00007ffd5369e000 	C:\WINDOWS\SYSTEM32\mscms.dll
0x00007ffd535d0000 - 0x00007ffd535e7000 	C:\WINDOWS\SYSTEM32\ColorAdapterClient.dll
0x00007ffd570d0000 - 0x00007ffd570ea000 	C:\Windows\System32\Windows.Internal.Graphics.Display.DisplayColorManagement.dll
0x00007ffd5c7a0000 - 0x00007ffd5c8d6000 	C:\WINDOWS\System32\MSCTF.dll
0x00007ffd52150000 - 0x00007ffd52177000 	C:\WINDOWS\System32\DriverStore\FileRepository\c0340998.inf_amd64_4e7ad8ec950b7e37\B340755\atig6pxx.dll
0x00007ffd16120000 - 0x00007ffd18850000 	C:\WINDOWS\System32\DriverStore\FileRepository\c0340998.inf_amd64_4e7ad8ec950b7e37\B340755\atio6axx.dll
0x00007ffd5cca0000 - 0x00007ffd5d110000 	C:\WINDOWS\System32\SETUPAPI.dll
0x00007ffd3a560000 - 0x00007ffd3a583000 	C:\WINDOWS\SYSTEM32\dxva2.dll
0x00007ffd59560000 - 0x00007ffd5958d000 	C:\WINDOWS\SYSTEM32\dwmapi.dll
0x00007ffd52020000 - 0x00007ffd5205a000 	C:\WINDOWS\System32\DriverStore\FileRepository\c0340998.inf_amd64_4e7ad8ec950b7e37\B340755\atig6txx.dll
0x00007ffd2d910000 - 0x00007ffd2daaf000 	C:\WINDOWS\SYSTEM32\atiadlxx.dll
0x00007ffd56e40000 - 0x00007ffd56f2f000 	C:\WINDOWS\SYSTEM32\PROPSYS.dll
0x00007ffd5bab0000 - 0x00007ffd5bb0c000 	C:\WINDOWS\System32\WINTRUST.dll
0x00007ffd5ac00000 - 0x00007ffd5ac12000 	C:\WINDOWS\System32\MSASN1.dll
0x00007ffd5b100000 - 0x00007ffd5b249000 	C:\WINDOWS\System32\CRYPT32.dll
0x00007ffd52c40000 - 0x00007ffd52cde000 	C:\WINDOWS\System32\TextInputFramework.dll
0x00007ffd55070000 - 0x00007ffd5539a000 	C:\WINDOWS\System32\CoreUIComponents.dll
0x00007ffd58540000 - 0x00007ffd58614000 	C:\WINDOWS\System32\CoreMessaging.dll
0x00007ffd59c50000 - 0x00007ffd59c81000 	C:\WINDOWS\SYSTEM32\ntmarta.dll
0x00007ffd502c0000 - 0x00007ffd50566000 	C:\WINDOWS\System32\iertutil.dll
0x00007ffd4dd80000 - 0x00007ffd4ddc3000 	C:\WINDOWS\SYSTEM32\icm32.dll

VM Arguments:
jvm_args: -Duser.language=es_AR -Dfile.encoding=UTF-8 
java_command: org.uqbar.project.wollok.launch.WollokLauncher -requestsPort 0 -eventsPort 0 -folder -dontValidate -wf src/juego.wpgm
java_class_path (initial): C:\Users\fedec\Documents\workspace\git\2019s2-tp-juego-arkanoid-eze-fran-fede\bin;C:\Users\fedec\Documents\plugins\com.ibm.icu_56.1.0.v201601250100.jar;C:\Users\fedec\Documents\plugins\org.eclipse.xtext_2.11.0.v20170130-0808.jar;C:\Users\fedec\Documents\plugins\org.eclipse.emf.ecore.xmi_2.12.0.v20160420-0247.jar;C:\Users\fedec\Documents\plugins\org.eclipse.emf.ecore_2.12.0.v20160420-0247.jar;C:\Users\fedec\Documents\plugins\org.eclipse.emf.common_2.12.0.v20160420-0247.jar;C:\Users\fedec\Documents\plugins\org.antlr.runtime_3.2.0.v201101311130.jar;C:\Users\fedec\Documents\plugins\com.google.inject_3.0.0.v201605172100.jar;C:\Users\fedec\Documents\plugins\org.eclipse.emf.mwe.core_1.5.0.201906111547.jar;C:\Users\fedec\Documents\plugins\org.apache.commons.cli_1.2.0.v201404270220.jar;C:\Users\fedec\Documents\plugins\org.eclipse.emf.mwe2.runtime_2.11.0.201906111547.jar;C:\Users\fedec\Documents\plugins\org.eclipse.emf.mwe.utils_1.5.0.201906111547.jar;C:\Users\fedec\Documents\plugins\org.eclipse.xtext.util_2.11.0.v20170130-0808.jar;C:\Users\fedec\Documents\plugins\com.google.guava_15.0.0.v201403281430.jar;C:\Users\fedec\Documents\plugins\javax.inject_1.0.0.v20091030.jar;C:\Users\fedec\Documents\plugins\org.eclipse.xtext.generator_2.11.0.v20170131-1210.jar;C:\Users\fedec\Documents\plugins\org.eclipse.xtext.xtext.generator_2.11.0.v20170130-0808.jar;C:\Users\fedec\Documents\plugins\org.eclipse.xtext.xbase.lib_2.11.0.v20170124-1424.jar;C:\Users\fedec\Documents\plugins\org.eclipse.emf.codegen.ecore_2.12.0.v20160526-0356.jar;C:\Users\fedec\Documents\plugins\org.eclipse.emf.codegen_2.11.0.v20160526-0356.jar;C:\Users\fedec\Documents\plugins\org.eclipse.xtend_2.2.0.v201605260315.jar;C:\Users\fedec\Documents\plugins\org.eclipse.xpand_2.2.0.v201605260315.jar;C:\Users\fedec\Documents\plugins\org.eclipse.xtend.typesystem.emf_2.2.0.v201605260315.jar;C:\Users\fedec\Documents\plugins\org.eclipse.emf.mwe2.lib_2.9.0.v201605261103.jar;C:\Users\fedec\Documents\plugin
Launcher Type: SUN_STANDARD

Environment Variables:
PATH=C:/Program Files/AdoptOpenJDK/jdk-8.0.232.09-hotspot/bin/../jre/bin/server;C:/Program Files/AdoptOpenJDK/jdk-8.0.232.09-hotspot/bin/../jre/bin;C:/Program Files/AdoptOpenJDK/jdk-8.0.232.09-hotspot/bin/../jre/lib/amd64;C:\Program Files\AdoptOpenJDK\jdk-8.0.232.09-hotspot\bin;C:\Program Files (x86)\NVIDIA Corporation\PhysX\Common;C:\WINDOWS\system32;C:\WINDOWS;C:\WINDOWS\System32\Wbem;C:\WINDOWS\System32\WindowsPowerShell\v1.0\;C:\Program Files (x86)\ATI Technologies\ATI.ACE\Core-Static;C:\Program Files\Calibre2\;C:\WINDOWS\System32\OpenSSH\;C:\Program Files\IDM Computer Solutions\UltraEdit;C:\Users\fedec\AppData\Local\Microsoft\WindowsApps;;C:\Users\fedec\Documents;
USERNAME=fedec
OS=Windows_NT
PROCESSOR_IDENTIFIER=AMD64 Family 21 Model 48 Stepping 1, AuthenticAMD



---------------  S Y S T E M  ---------------

OS: Windows 10.0 , 64 bit Build 18362 (10.0.18362.329)

CPU:total 4 (initial active 4) (4 cores per cpu, 1 threads per core) family 21 model 48 stepping 1, cmov, cx8, fxsr, mmx, sse, sse2, sse3, ssse3, sse4.1, sse4.2, popcnt, avx, aes, clmul, mmxext, 3dnowpref, lzcnt, sse4a, tsc, tscinvbit, tscinv, bmi1

Memory: 4k page, physical 7260904k(1275848k free), swap 7260904k(5164k free)

vm_info: OpenJDK 64-Bit Server VM (25.232-b09) for windows-amd64 JRE (1.8.0_232-b09), built on Oct 18 2019 15:06:13 by "jenkins" with MS VC++ 12.0 (VS2013)

time: Sat Nov 09 16:14:15 2019
timezone: Hora estándar de Argentina
elapsed time: 38 seconds (0d 0h 0m 38s)

