#
# There is insufficient memory for the Java Runtime Environment to continue.
# Native memory allocation (malloc) failed to allocate 1048576 bytes for AllocateHeap
# Possible reasons:
#   The system is out of physical RAM or swap space
#   The process is running with CompressedOops enabled, and the Java Heap may be blocking the growth of the native heap
# Possible solutions:
#   Reduce memory load on the system
#   Increase physical memory or swap space
#   Check if swap backing store is full
#   Decrease Java heap size (-Xmx/-Xms)
#   Decrease number of Java threads
#   Decrease Java thread stack sizes (-Xss)
#   Set larger code cache with -XX:ReservedCodeCacheSize=
#   JVM is running with Unscaled Compressed Oops mode in which the Java heap is
#     placed in the first 4GB address space. The Java Heap base address is the
#     maximum limit for the native heap growth. Please use -XX:HeapBaseMinAddress
#     to set the Java Heap base and to place the Java Heap above 4GB virtual address.
# This output file may be truncated or incomplete.
#
#  Out of Memory Error (memory/allocation.inline.hpp:61), pid=7216, tid=0x00000000000023fc
#
# JRE version:  (8.0_232-b09) (build )
# Java VM: OpenJDK 64-Bit Server VM (25.232-b09 mixed mode windows-amd64 compressed oops)
# Failed to write core dump. Minidumps are not enabled by default on client versions of Windows
#

---------------  T H R E A D  ---------------

Current thread (0x000002037dce8000):  JavaThread "Unknown thread" [_thread_in_vm, id=9212, stack(0x000000933f900000,0x000000933fa00000)]

Stack: [0x000000933f900000,0x000000933fa00000]
[error occurred during error reporting (printing stack bounds), id 0xc0000005]

Native frames: (J=compiled Java code, j=interpreted, Vv=VM code, C=native code)


---------------  P R O C E S S  ---------------

Java Threads: ( => current thread )

Other Threads:

=>0x000002037dce8000 (exited) JavaThread "Unknown thread" [_thread_in_vm, id=9212, stack(0x000000933f900000,0x000000933fa00000)]

VM state:not at safepoint (normal execution)

VM Mutex/Monitor currently owned by a thread: None

heap address: 0x0000000091200000, size: 1774 MB, Compressed Oops mode: 32-bit
Narrow klass base: 0x0000000000000000, Narrow klass shift: 3
Compressed class space size: 1073741824 Address: 0x0000000100000000

Heap:
 PSYoungGen      total 33280K, used 573K [0x00000000db100000, 0x00000000dd600000, 0x0000000100000000)
  eden space 28672K, 2% used [0x00000000db100000,0x00000000db18f5d0,0x00000000dcd00000)
  from space 4608K, 0% used [0x00000000dd180000,0x00000000dd180000,0x00000000dd600000)
  to   space 4608K, 0% used [0x00000000dcd00000,0x00000000dcd00000,0x00000000dd180000)
 ParOldGen       total 76800K, used 0K [0x0000000091200000, 0x0000000095d00000, 0x00000000db100000)
  object space 76800K, 0% used [0x0000000091200000,0x0000000091200000,0x0000000095d00000)
 Metaspace       used 778K, capacity 4480K, committed 4480K, reserved 1056768K
  class space    used 74K, capacity 384K, committed 384K, reserved 1048576K

Card table byte_map: [0x000002037f940000,0x000002037fcc0000] byte_map_base: 0x000002037f4b7000

Marking Bits: (ParMarkBitMap*) 0x00000000614e5f70
 Begin Bits: [0x000002030f000000, 0x0000020310bb8000)
 End Bits:   [0x0000020310bb8000, 0x0000020312770000)

Polling page: 0x000002037dc60000

CodeCache: size=245760Kb used=327Kb max_used=327Kb free=245432Kb
 bounds [0x0000020300000000, 0x0000020300270000, 0x000002030f000000]
 total_blobs=56 nmethods=0 adapters=38
 compilation: enabled

Compilation events (0 events):
No events

GC Heap History (0 events):
No events

Deoptimization events (0 events):
No events

Classes redefined (0 events):
No events

Internal exceptions (0 events):
No events

Events (10 events):
Event: 0.026 loading class java/lang/Short
Event: 0.026 loading class java/lang/Short done
Event: 0.026 loading class java/lang/Integer
Event: 0.026 loading class java/lang/Integer done
Event: 0.026 loading class java/lang/Long
Event: 0.026 loading class java/lang/Long done
Event: 0.027 loading class java/lang/NullPointerException
Event: 0.027 loading class java/lang/NullPointerException done
Event: 0.027 loading class java/lang/ArithmeticException
Event: 0.027 loading class java/lang/ArithmeticException done


Dynamic libraries:
0x00007ff7df180000 - 0x00007ff7df1ba000 	C:\Program Files\AdoptOpenJDK\jdk-8.0.232.09-hotspot\bin\javaw.exe
0x00007ffd5dd20000 - 0x00007ffd5df10000 	C:\WINDOWS\SYSTEM32\ntdll.dll
0x00007ffd545a0000 - 0x00007ffd545b4000 	C:\Program Files (x86)\AVG\Antivirus\aswhook.dll
0x00007ffd5dc20000 - 0x00007ffd5dcd2000 	C:\WINDOWS\System32\KERNEL32.DLL
0x00007ffd5acb0000 - 0x00007ffd5af53000 	C:\WINDOWS\System32\KERNELBASE.dll
0x00007ffd5d1c0000 - 0x00007ffd5d263000 	C:\WINDOWS\System32\ADVAPI32.dll
0x00007ffd5be30000 - 0x00007ffd5bece000 	C:\WINDOWS\System32\msvcrt.dll
0x00007ffd5d110000 - 0x00007ffd5d1a7000 	C:\WINDOWS\System32\sechost.dll
0x00007ffd5d9e0000 - 0x00007ffd5db00000 	C:\WINDOWS\System32\RPCRT4.dll
0x00007ffd5d550000 - 0x00007ffd5d6e4000 	C:\WINDOWS\System32\USER32.dll
0x00007ffd5b250000 - 0x00007ffd5b271000 	C:\WINDOWS\System32\win32u.dll
0x00007ffd5c770000 - 0x00007ffd5c796000 	C:\WINDOWS\System32\GDI32.dll
0x00007ffd5bb10000 - 0x00007ffd5bca4000 	C:\WINDOWS\System32\gdi32full.dll
0x00007ffd5bd30000 - 0x00007ffd5bdce000 	C:\WINDOWS\System32\msvcp_win.dll
0x00007ffd5b000000 - 0x00007ffd5b0fa000 	C:\WINDOWS\System32\ucrtbase.dll
0x00007ffd4a310000 - 0x00007ffd4a595000 	C:\WINDOWS\WinSxS\amd64_microsoft.windows.common-controls_6595b64144ccf1df_6.0.18362.418_none_e6c6b287130d565d\COMCTL32.dll
0x00007ffd5c960000 - 0x00007ffd5cc96000 	C:\WINDOWS\System32\combase.dll
0x00007ffd5af80000 - 0x00007ffd5b000000 	C:\WINDOWS\System32\bcryptPrimitives.dll
0x00007ffd5d340000 - 0x00007ffd5d36e000 	C:\WINDOWS\System32\IMM32.DLL
0x00007ffd369a0000 - 0x00007ffd36a8f000 	C:\Program Files\AdoptOpenJDK\jdk-8.0.232.09-hotspot\jre\bin\msvcr120.dll
0x00007ffd354c0000 - 0x00007ffd35566000 	C:\Program Files\AdoptOpenJDK\jdk-8.0.232.09-hotspot\jre\bin\msvcp120.dll
0x0000000060d60000 - 0x000000006155f000 	C:\Program Files\AdoptOpenJDK\jdk-8.0.232.09-hotspot\jre\bin\server\jvm.dll
0x00007ffd5d1b0000 - 0x00007ffd5d1b8000 	C:\WINDOWS\System32\PSAPI.DLL
0x00007ffd4dff0000 - 0x00007ffd4dff9000 	C:\WINDOWS\SYSTEM32\WSOCK32.dll
0x00007ffd5db00000 - 0x00007ffd5db6f000 	C:\WINDOWS\System32\WS2_32.dll
0x00007ffd58ba0000 - 0x00007ffd58bc4000 	C:\WINDOWS\SYSTEM32\WINMM.dll
0x00007ffd55cf0000 - 0x00007ffd55cfa000 	C:\WINDOWS\SYSTEM32\VERSION.dll
0x00007ffd58b70000 - 0x00007ffd58b9d000 	C:\WINDOWS\SYSTEM32\WINMMBASE.dll
0x00007ffd5bce0000 - 0x00007ffd5bd2a000 	C:\WINDOWS\System32\cfgmgr32.dll
0x00007ffd576d0000 - 0x00007ffd576df000 	C:\Program Files\AdoptOpenJDK\jdk-8.0.232.09-hotspot\jre\bin\verify.dll
0x00007ffd52d00000 - 0x00007ffd52d28000 	C:\Program Files\AdoptOpenJDK\jdk-8.0.232.09-hotspot\jre\bin\java.dll
0x00007ffd570b0000 - 0x00007ffd570c6000 	C:\Program Files\AdoptOpenJDK\jdk-8.0.232.09-hotspot\jre\bin\zip.dll

VM Arguments:
jvm_args: -Duser.language=es_AR -Dfile.encoding=UTF-8 
java_command: org.uqbar.project.wollok.launch.WollokLauncher -requestsPort 0 -eventsPort 0 -folder -dontValidate -wf src/juego.wpgm
java_class_path (initial): C:\Users\fedec\Documents\workspace\git\2019s2-tp-juego-arkanoid-eze-fran-fede\bin;C:\Users\fedec\Documents\plugins\com.ibm.icu_56.1.0.v201601250100.jar;C:\Users\fedec\Documents\plugins\org.eclipse.xtext_2.11.0.v20170130-0808.jar;C:\Users\fedec\Documents\plugins\org.eclipse.emf.ecore.xmi_2.12.0.v20160420-0247.jar;C:\Users\fedec\Documents\plugins\org.eclipse.emf.ecore_2.12.0.v20160420-0247.jar;C:\Users\fedec\Documents\plugins\org.eclipse.emf.common_2.12.0.v20160420-0247.jar;C:\Users\fedec\Documents\plugins\org.antlr.runtime_3.2.0.v201101311130.jar;C:\Users\fedec\Documents\plugins\com.google.inject_3.0.0.v201605172100.jar;C:\Users\fedec\Documents\plugins\org.eclipse.emf.mwe.core_1.5.0.201906111547.jar;C:\Users\fedec\Documents\plugins\org.apache.commons.cli_1.2.0.v201404270220.jar;C:\Users\fedec\Documents\plugins\org.eclipse.emf.mwe2.runtime_2.11.0.201906111547.jar;C:\Users\fedec\Documents\plugins\org.eclipse.emf.mwe.utils_1.5.0.201906111547.jar;C:\Users\fedec\Documents\plugins\org.eclipse.xtext.util_2.11.0.v20170130-0808.jar;C:\Users\fedec\Documents\plugins\com.google.guava_15.0.0.v201403281430.jar;C:\Users\fedec\Documents\plugins\javax.inject_1.0.0.v20091030.jar;C:\Users\fedec\Documents\plugins\org.eclipse.xtext.generator_2.11.0.v20170131-1210.jar;C:\Users\fedec\Documents\plugins\org.eclipse.xtext.xtext.generator_2.11.0.v20170130-0808.jar;C:\Users\fedec\Documents\plugins\org.eclipse.xtext.xbase.lib_2.11.0.v20170124-1424.jar;C:\Users\fedec\Documents\plugins\org.eclipse.emf.codegen.ecore_2.12.0.v20160526-0356.jar;C:\Users\fedec\Documents\plugins\org.eclipse.emf.codegen_2.11.0.v20160526-0356.jar;C:\Users\fedec\Documents\plugins\org.eclipse.xtend_2.2.0.v201605260315.jar;C:\Users\fedec\Documents\plugins\org.eclipse.xpand_2.2.0.v201605260315.jar;C:\Users\fedec\Documents\plugins\org.eclipse.xtend.typesystem.emf_2.2.0.v201605260315.jar;C:\Users\fedec\Documents\plugins\org.eclipse.emf.mwe2.lib_2.9.0.v201605261103.jar;C:\Users\fedec\Documents\plugin
Launcher Type: SUN_STANDARD

Environment Variables:
PATH=C:/Program Files/AdoptOpenJDK/jdk-8.0.232.09-hotspot/bin/../jre/bin/server;C:/Program Files/AdoptOpenJDK/jdk-8.0.232.09-hotspot/bin/../jre/bin;C:/Program Files/AdoptOpenJDK/jdk-8.0.232.09-hotspot/bin/../jre/lib/amd64;C:\Program Files\AdoptOpenJDK\jdk-8.0.232.09-hotspot\bin;C:\Program Files (x86)\NVIDIA Corporation\PhysX\Common;C:\WINDOWS\system32;C:\WINDOWS;C:\WINDOWS\System32\Wbem;C:\WINDOWS\System32\WindowsPowerShell\v1.0\;C:\Program Files (x86)\ATI Technologies\ATI.ACE\Core-Static;C:\Program Files\Calibre2\;C:\WINDOWS\System32\OpenSSH\;C:\Program Files\IDM Computer Solutions\UltraEdit;C:\Users\fedec\AppData\Local\Microsoft\WindowsApps;;C:\Users\fedec\Documents;
USERNAME=fedec
OS=Windows_NT
PROCESSOR_IDENTIFIER=AMD64 Family 21 Model 48 Stepping 1, AuthenticAMD



---------------  S Y S T E M  ---------------

OS: Windows 10.0 , 64 bit Build 18362 (10.0.18362.329)

CPU:total 4 (initial active 4) (4 cores per cpu, 1 threads per core) family 21 model 48 stepping 1, cmov, cx8, fxsr, mmx, sse, sse2, sse3, ssse3, sse4.1, sse4.2, popcnt, avx, aes, clmul, mmxext, 3dnowpref, lzcnt, sse4a, tsc, tscinvbit, tscinv, bmi1

Memory: 4k page, physical 7260904k(1491588k free), swap 7260904k(5668k free)

vm_info: OpenJDK 64-Bit Server VM (25.232-b09) for windows-amd64 JRE (1.8.0_232-b09), built on Oct 18 2019 15:06:13 by "jenkins" with MS VC++ 12.0 (VS2013)

time: Sat Nov 09 15:36:58 2019
timezone: Hora estándar de Argentina
elapsed time: 0 seconds (0d 0h 0m 0s)

