#
# A fatal error has been detected by the Java Runtime Environment:
#
#  EXCEPTION_ACCESS_VIOLATION (0xc0000005) at pc=0x0000000000891066, pid=7028, tid=0x00000000000012d4
#
# JRE version: Java(TM) SE Runtime Environment (8.0_144-b01) (build 1.8.0_144-b01)
# Java VM: Java HotSpot(TM) 64-Bit Server VM (25.144-b01 mixed mode windows-amd64 compressed oops)
# Problematic frame:
# C  [OpenAL64.dll+0x11066]
#
# Failed to write core dump. Minidumps are not enabled by default on client versions of Windows
#
# If you would like to submit a bug report, please visit:
#   http://bugreport.java.com/bugreport/crash.jsp
# The crash happened outside the Java Virtual Machine in native code.
# See problematic frame for where to report the bug.
#

---------------  T H R E A D  ---------------

Current thread (0x00000000023d4800):  JavaThread "main" [_thread_in_native, id=4820, stack(0x00000000022d0000,0x00000000023d0000)]

siginfo: ExceptionCode=0xc0000005, reading address 0x0000000015c20004

Registers:
RAX=0x0000000000000004, RBX=0x0000000016d10090, RCX=0x0000000015c20008, RDX=0x0000000015c20004
RSP=0x00000000023cce20, RBP=0x00000000000000ff, RSI=0x0000000015c1e13c, RDI=0x0000000000000000
R8 =0x00000000000007b2, R9 =0x0000000015c1e13c, R10=0x00000000024e5c68, R11=0x0000000055bdbc50
R12=0x0000000000000001, R13=0x00000000165d82e8, R14=0x00000000023ccfc0, R15=0x00000000023d4800
RIP=0x0000000000891066, EFLAGS=0x0000000000010202

Top of Stack: (sp=0x00000000023cce20)
0x00000000023cce20:   0000000000000000 00000000131429c0
0x00000000023cce30:   00000000020c77a0 00000000023d4800
0x00000000023cce40:   00000000165d82e8 0000000000000000
0x00000000023cce50:   00000000023d4800 00000000020c77a0
0x00000000023cce60:   00000000165d82e8 00000000023ccfc0
0x00000000023cce70:   00000000020ce9a0 0000000055a6b736
0x00000000023cce80:   00000000023cd758 00000000020cea40
0x00000000023cce90:   00000000023d4800 00000000023ccfc0
0x00000000023ccea0:   00000000165d82e8 0000000000000000
0x00000000023cceb0:   0000000015c1e13c 0000000000000248
0x00000000023ccec0:   00000000023ccf88 000000000089248f
0x00000000023cced0:   0000000016d10090 0000000016d10090
0x00000000023ccee0:   000000000000ac44 0000000000000004
0x00000000023ccef0:   00000000024d7e70 00000000024e5c94
0x00000000023ccf00:   00000000165d82e8 00000000024d7e70
0x00000000023ccf10:   00000000024d7e70 00000000024e5a0b 

Instructions: (pc=0x0000000000891066)
0x0000000000891046:   41 2b ec 81 3a 03 00 02 00 75 09 8b 01 89 84 24
0x0000000000891056:   c8 00 00 00 49 83 c0 02 48 83 c1 08 4a 8d 14 86
0x0000000000891066:   39 3a 75 af 4c 8d 84 24 c0 00 00 00 48 8d 15 d7
0x0000000000891076:   2b 03 00 33 c9 e8 58 5f 00 00 b8 40 1f 00 00 4c 


Register to memory mapping:

RAX=0x0000000000000004 is an unknown value
RBX=0x0000000016d10090 is an unknown value
RCX=0x0000000015c20008 is an unknown value
RDX=0x0000000015c20004 is an unknown value
RSP=0x00000000023cce20 is pointing into the stack for thread: 0x00000000023d4800
RBP=0x00000000000000ff is an unknown value
RSI=0x0000000015c1e13c is an unknown value
RDI=0x0000000000000000 is an unknown value
R8 =0x00000000000007b2 is an unknown value
R9 =0x0000000015c1e13c is an unknown value
R10=0x00000000024e5c68 is at code_begin+840 in an Interpreter codelet
method entry point (kind = native)  [0x00000000024e5920, 0x00000000024e6280]  2400 bytes
R11=0x0000000055bdbc50 is an unknown value
R12=0x0000000000000001 is an unknown value
R13={method} {0x00000000165d82f0} 'nalcCreateContext' '(JJ)J' in 'org/lwjgl/openal/ALC10'
R14=0x00000000023ccfc0 is pointing into the stack for thread: 0x00000000023d4800
R15=0x00000000023d4800 is a thread


Stack: [0x00000000022d0000,0x00000000023d0000],  sp=0x00000000023cce20,  free space=1011k
Native frames: (J=compiled Java code, j=interpreted, Vv=VM code, C=native code)
C  [OpenAL64.dll+0x11066]
C  [OpenAL64.dll+0x1248f]
C  0x00000000024e5c94

Java frames: (J=compiled Java code, j=interpreted, Vv=VM code)
j  org.lwjgl.openal.ALC10.nalcCreateContext(JJ)J+0
j  org.lwjgl.openal.ALC10.alcCreateContext(Lorg/lwjgl/openal/ALCdevice;Ljava/nio/IntBuffer;)Lorg/lwjgl/openal/ALCcontext;+8
j  org.lwjgl.openal.AL.init(Ljava/lang/String;IIZZ)V+69
j  org.lwjgl.openal.AL.create(Ljava/lang/String;IIZZ)V+246
j  org.lwjgl.openal.AL.create(Ljava/lang/String;IIZ)V+5
j  org.lwjgl.openal.AL.create()V+6
j  com.badlogic.gdx.backends.lwjgl.audio.OpenALAudio.<init>(III)V+114
j  com.badlogic.gdx.backends.lwjgl.LwjglApplication.<init>(Lcom/badlogic/gdx/ApplicationListener;Lcom/badlogic/gdx/backends/lwjgl/LwjglApplicationConfiguration;Lcom/badlogic/gdx/backends/lwjgl/LwjglGraphics;)V+120
j  com.badlogic.gdx.backends.lwjgl.LwjglApplication.<init>(Lcom/badlogic/gdx/ApplicationListener;Lcom/badlogic/gdx/backends/lwjgl/LwjglApplicationConfiguration;)V+11
j  org.uqbar.project.wollok.game.gameboard.WollokGDXApplication.<init>(Lorg/uqbar/project/wollok/game/gameboard/Gameboard;Ljava/lang/Boolean;)V+17
j  org.uqbar.project.wollok.game.helpers.Application.start(Lorg/uqbar/project/wollok/game/gameboard/Gameboard;Ljava/lang/Boolean;)V+5
j  org.uqbar.project.wollok.game.gameboard.Gameboard.start(Ljava/lang/Boolean;)V+13
j  wollok.game.GameObject.doStart(Ljava/lang/Boolean;)V+12
v  ~StubRoutines::call_stub
j  sun.reflect.NativeMethodAccessorImpl.invoke0(Ljava/lang/reflect/Method;Ljava/lang/Object;[Ljava/lang/Object;)Ljava/lang/Object;+0
j  sun.reflect.NativeMethodAccessorImpl.invoke(Ljava/lang/Object;[Ljava/lang/Object;)Ljava/lang/Object;+100
J 2352 C1 sun.reflect.DelegatingMethodAccessorImpl.invoke(Ljava/lang/Object;[Ljava/lang/Object;)Ljava/lang/Object; (10 bytes) @ 0x0000000002c95004 [0x0000000002c94f00+0x104]
J 2351 C1 java.lang.reflect.Method.invoke(Ljava/lang/Object;[Ljava/lang/Object;)Ljava/lang/Object; (62 bytes) @ 0x0000000002c94a2c [0x0000000002c94640+0x3ec]
j  org.uqbar.project.wollok.ui.utils.XTendUtilExtensions.invokeConvertingArgs(Ljava/lang/reflect/Method;Ljava/lang/Object;[Ljava/lang/Object;)Lorg/uqbar/project/wollok/interpreter/core/WollokObject;+265
j  org.uqbar.project.wollok.interpreter.AbstractWollokCallable._invokeNative(Ljava/lang/Object;Ljava/lang/String;[Lorg/uqbar/project/wollok/interpreter/core/WollokObject;)Lorg/uqbar/project/wollok/interpreter/core/WollokObject;+41
j  org.uqbar.project.wollok.interpreter.AbstractWollokCallable.invokeNative(Ljava/lang/Object;Ljava/lang/String;[Lorg/uqbar/project/wollok/interpreter/core/WollokObject;)Lorg/uqbar/project/wollok/interpreter/core/WollokObject;+26
j  org.uqbar.project.wollok.interpreter.AbstractWollokCallable$1.apply()Lorg/uqbar/project/wollok/interpreter/core/WollokObject;+55
j  org.uqbar.project.wollok.interpreter.AbstractWollokCallable$1.apply()Ljava/lang/Object;+1
j  org.uqbar.project.wollok.interpreter.threads.WThread.performOnStack(Lorg/eclipse/emf/ecore/EObject;Lorg/uqbar/project/wollok/interpreter/context/EvaluationContext;Lorg/eclipse/xtext/xbase/lib/Functions$Function0;)Lorg/uqbar/project/wollok/interpreter/core/WollokObject;+29
j  org.uqbar.project.wollok.interpreter.WollokInterpreter.performOnStack(Lorg/eclipse/emf/ecore/EObject;Lorg/uqbar/project/wollok/interpreter/context/EvaluationContext;Lorg/eclipse/xtext/xbase/lib/Functions$Function0;)Lorg/uqbar/project/wollok/interpreter/core/WollokObject;+7
j  org.uqbar.project.wollok.interpreter.AbstractWollokCallable.call(Lorg/uqbar/project/wollok/wollokDsl/WMethodDeclaration;[Lorg/uqbar/project/wollok/interpreter/core/WollokObject;)Lorg/uqbar/project/wollok/interpreter/core/WollokObject;+38
j  org.uqbar.project.wollok.interpreter.core.WollokObject.call(Ljava/lang/String;[Lorg/uqbar/project/wollok/interpreter/core/WollokObject;)Lorg/uqbar/project/wollok/interpreter/core/WollokObject;+55
j  org.uqbar.project.wollok.interpreter.WollokInterpreterEvaluator._evaluate(Lorg/uqbar/project/wollok/wollokDsl/WFeatureCall;)Lorg/uqbar/project/wollok/interpreter/core/WollokObject;+119
j  org.uqbar.project.wollok.launch.WollokLauncherInterpreterEvaluator.evaluate(Lorg/eclipse/emf/ecore/EObject;)Lorg/uqbar/project/wollok/interpreter/core/WollokObject;+412
j  org.uqbar.project.wollok.interpreter.WollokInterpreterEvaluator.evaluate(Lorg/eclipse/emf/ecore/EObject;)Ljava/lang/Object;+2
j  org.uqbar.project.wollok.interpreter.WollokInterpreter.eval(Lorg/eclipse/emf/ecore/EObject;)Lorg/uqbar/project/wollok/interpreter/core/WollokObject;+63
j  org.uqbar.project.wollok.interpreter.WollokInterpreterEvaluator.eval(Lorg/eclipse/emf/ecore/EObject;)Lorg/uqbar/project/wollok/interpreter/core/WollokObject;+5
j  org.uqbar.project.wollok.interpreter.WollokInterpreterEvaluator$1.apply(Lorg/uqbar/project/wollok/interpreter/core/WollokObject;Lorg/eclipse/emf/ecore/EObject;)Lorg/uqbar/project/wollok/interpreter/core/WollokObject;+5
j  org.uqbar.project.wollok.interpreter.WollokInterpreterEvaluator$1.apply(Ljava/lang/Object;Ljava/lang/Object;)Ljava/lang/Object;+9
j  org.eclipse.xtext.xbase.lib.IteratorExtensions.fold(Ljava/util/Iterator;Ljava/lang/Object;Lorg/eclipse/xtext/xbase/lib/Functions$Function2;)Ljava/lang/Object;+19
j  org.eclipse.xtext.xbase.lib.IterableExtensions.fold(Ljava/lang/Iterable;Ljava/lang/Object;Lorg/eclipse/xtext/xbase/lib/Functions$Function2;)Ljava/lang/Object;+8
j  org.uqbar.project.wollok.interpreter.WollokInterpreterEvaluator.evalAll(Ljava/lang/Iterable;)Lorg/uqbar/project/wollok/interpreter/core/WollokObject;+12
j  org.uqbar.project.wollok.interpreter.WollokInterpreterEvaluator._evaluate(Lorg/uqbar/project/wollok/wollokDsl/WBlockExpression;)Lorg/uqbar/project/wollok/interpreter/core/WollokObject;+34
j  org.uqbar.project.wollok.launch.WollokLauncherInterpreterEvaluator.evaluate(Lorg/eclipse/emf/ecore/EObject;)Lorg/uqbar/project/wollok/interpreter/core/WollokObject;+76
j  org.uqbar.project.wollok.interpreter.WollokInterpreterEvaluator.evaluate(Lorg/eclipse/emf/ecore/EObject;)Ljava/lang/Object;+2
j  org.uqbar.project.wollok.interpreter.WollokInterpreter.eval(Lorg/eclipse/emf/ecore/EObject;)Lorg/uqbar/project/wollok/interpreter/core/WollokObject;+63
j  org.uqbar.project.wollok.interpreter.AbstractWollokCallable.eval(Lorg/eclipse/emf/ecore/EObject;)Lorg/uqbar/project/wollok/interpreter/core/WollokObject;+5
j  org.uqbar.project.wollok.interpreter.AbstractWollokCallable$1.apply()Lorg/uqbar/project/wollok/interpreter/core/WollokObject;+110
j  org.uqbar.project.wollok.interpreter.AbstractWollokCallable$1.apply()Ljava/lang/Object;+1
j  org.uqbar.project.wollok.interpreter.threads.WThread.performOnStack(Lorg/eclipse/emf/ecore/EObject;Lorg/uqbar/project/wollok/interpreter/context/EvaluationContext;Lorg/eclipse/xtext/xbase/lib/Functions$Function0;)Lorg/uqbar/project/wollok/interpreter/core/WollokObject;+29
j  org.uqbar.project.wollok.interpreter.WollokInterpreter.performOnStack(Lorg/eclipse/emf/ecore/EObject;Lorg/uqbar/project/wollok/interpreter/context/EvaluationContext;Lorg/eclipse/xtext/xbase/lib/Functions$Function0;)Lorg/uqbar/project/wollok/interpreter/core/WollokObject;+7
j  org.uqbar.project.wollok.interpreter.AbstractWollokCallable.call(Lorg/uqbar/project/wollok/wollokDsl/WMethodDeclaration;[Lorg/uqbar/project/wollok/interpreter/core/WollokObject;)Lorg/uqbar/project/wollok/interpreter/core/WollokObject;+38
j  org.uqbar.project.wollok.interpreter.core.WollokObject.call(Ljava/lang/String;[Lorg/uqbar/project/wollok/interpreter/core/WollokObject;)Lorg/uqbar/project/wollok/interpreter/core/WollokObject;+55
j  org.uqbar.project.wollok.interpreter.WollokInterpreterEvaluator._evaluate(Lorg/uqbar/project/wollok/wollokDsl/WFeatureCall;)Lorg/uqbar/project/wollok/interpreter/core/WollokObject;+119
j  org.uqbar.project.wollok.launch.WollokLauncherInterpreterEvaluator.evaluate(Lorg/eclipse/emf/ecore/EObject;)Lorg/uqbar/project/wollok/interpreter/core/WollokObject;+412
j  org.uqbar.project.wollok.interpreter.WollokInterpreterEvaluator.evaluate(Lorg/eclipse/emf/ecore/EObject;)Ljava/lang/Object;+2
j  org.uqbar.project.wollok.interpreter.WollokInterpreter.eval(Lorg/eclipse/emf/ecore/EObject;)Lorg/uqbar/project/wollok/interpreter/core/WollokObject;+63
j  org.uqbar.project.wollok.interpreter.WollokInterpreterEvaluator.eval(Lorg/eclipse/emf/ecore/EObject;)Lorg/uqbar/project/wollok/interpreter/core/WollokObject;+5
j  org.uqbar.project.wollok.interpreter.WollokInterpreterEvaluator$1.apply(Lorg/uqbar/project/wollok/interpreter/core/WollokObject;Lorg/eclipse/emf/ecore/EObject;)Lorg/uqbar/project/wollok/interpreter/core/WollokObject;+5
j  org.uqbar.project.wollok.interpreter.WollokInterpreterEvaluator$1.apply(Ljava/lang/Object;Ljava/lang/Object;)Ljava/lang/Object;+9
j  org.eclipse.xtext.xbase.lib.IteratorExtensions.fold(Ljava/util/Iterator;Ljava/lang/Object;Lorg/eclipse/xtext/xbase/lib/Functions$Function2;)Ljava/lang/Object;+19
j  org.eclipse.xtext.xbase.lib.IterableExtensions.fold(Ljava/lang/Iterable;Ljava/lang/Object;Lorg/eclipse/xtext/xbase/lib/Functions$Function2;)Ljava/lang/Object;+8
j  org.uqbar.project.wollok.interpreter.WollokInterpreterEvaluator.evalAll(Ljava/lang/Iterable;)Lorg/uqbar/project/wollok/interpreter/core/WollokObject;+12
j  org.uqbar.project.wollok.interpreter.WollokInterpreterEvaluator._evaluate(Lorg/uqbar/project/wollok/wollokDsl/WProgram;)Lorg/uqbar/project/wollok/interpreter/core/WollokObject;+18
j  org.uqbar.project.wollok.launch.WollokLauncherInterpreterEvaluator.evaluate(Lorg/eclipse/emf/ecore/EObject;)Lorg/uqbar/project/wollok/interpreter/core/WollokObject;+444
j  org.uqbar.project.wollok.interpreter.WollokInterpreterEvaluator.evaluate(Lorg/eclipse/emf/ecore/EObject;)Ljava/lang/Object;+2
j  org.uqbar.project.wollok.interpreter.WollokInterpreter.eval(Lorg/eclipse/emf/ecore/EObject;)Lorg/uqbar/project/wollok/interpreter/core/WollokObject;+63
j  org.uqbar.project.wollok.interpreter.WollokInterpreterEvaluator.eval(Lorg/eclipse/emf/ecore/EObject;)Lorg/uqbar/project/wollok/interpreter/core/WollokObject;+5
j  org.uqbar.project.wollok.launch.WollokLauncherInterpreterEvaluator._evaluate(Lorg/uqbar/project/wollok/wollokDsl/WFile;)Lorg/uqbar/project/wollok/interpreter/core/WollokObject;+32
j  org.uqbar.project.wollok.launch.WollokLauncherInterpreterEvaluator.evaluate(Lorg/eclipse/emf/ecore/EObject;)Lorg/uqbar/project/wollok/interpreter/core/WollokObject;+428
j  org.uqbar.project.wollok.interpreter.WollokInterpreterEvaluator.evaluate(Lorg/eclipse/emf/ecore/EObject;)Ljava/lang/Object;+2
j  org.uqbar.project.wollok.interpreter.WollokInterpreter.interpret(Lorg/eclipse/emf/ecore/EObject;Ljava/lang/Boolean;)Lorg/uqbar/project/wollok/interpreter/core/WollokObject;+25
j  org.uqbar.project.wollok.interpreter.WollokInterpreter.interpret(Lorg/eclipse/emf/ecore/EObject;)Lorg/uqbar/project/wollok/interpreter/core/WollokObject;+8
j  org.uqbar.project.wollok.launch.WollokLauncher.doSomething(Lorg/uqbar/project/wollok/wollokDsl/WFile;Lcom/google/inject/Injector;Ljava/io/File;Lorg/uqbar/project/wollok/launch/WollokLauncherParameters;)V+57
j  org.uqbar.project.wollok.launch.WollokChecker.launch(Ljava/lang/String;Lorg/uqbar/project/wollok/launch/WollokLauncherParameters;)V+31
j  org.uqbar.project.wollok.launch.WollokChecker.doMain([Ljava/lang/String;)V+213
j  org.uqbar.project.wollok.launch.WollokLauncher.main([Ljava/lang/String;)V+8
v  ~StubRoutines::call_stub

---------------  P R O C E S S  ---------------

Java Threads: ( => current thread )
  0x0000000013b98800 JavaThread "com.google.inject.internal.util.$Finalizer" daemon [_thread_blocked, id=4756, stack(0x0000000014e50000,0x0000000014f50000)]
  0x0000000013e15800 JavaThread "EMF Reference Cleaner" daemon [_thread_blocked, id=4528, stack(0x0000000014b50000,0x0000000014c50000)]
  0x0000000012309000 JavaThread "Service Thread" daemon [_thread_blocked, id=5124, stack(0x0000000012c80000,0x0000000012d80000)]
  0x000000001227f800 JavaThread "C1 CompilerThread2" daemon [_thread_blocked, id=5536, stack(0x0000000012b80000,0x0000000012c80000)]
  0x000000001227e000 JavaThread "C2 CompilerThread1" daemon [_thread_blocked, id=7560, stack(0x0000000012a80000,0x0000000012b80000)]
  0x000000001227c800 JavaThread "C2 CompilerThread0" daemon [_thread_in_native, id=5744, stack(0x0000000012980000,0x0000000012a80000)]
  0x0000000012277800 JavaThread "Attach Listener" daemon [_thread_blocked, id=7656, stack(0x0000000012880000,0x0000000012980000)]
  0x0000000012276800 JavaThread "Signal Dispatcher" daemon [_thread_blocked, id=7884, stack(0x0000000012780000,0x0000000012880000)]
  0x00000000024c8800 JavaThread "Finalizer" daemon [_thread_blocked, id=1292, stack(0x0000000012580000,0x0000000012680000)]
  0x00000000024bf000 JavaThread "Reference Handler" daemon [_thread_blocked, id=3860, stack(0x0000000012480000,0x0000000012580000)]
=>0x00000000023d4800 JavaThread "main" [_thread_in_native, id=4820, stack(0x00000000022d0000,0x00000000023d0000)]

Other Threads:
  0x00000000024b9000 VMThread [stack: 0x0000000012380000,0x0000000012480000] [id=8168]
  0x0000000012321000 WatcherThread [stack: 0x0000000012e80000,0x0000000012f80000] [id=6480]

VM state:not at safepoint (normal execution)

VM Mutex/Monitor currently owned by a thread: None

Heap:
 def new generation   total 12288K, used 10395K [0x00000000e4000000, 0x00000000e4d50000, 0x00000000ed550000)
  eden space 10944K,  84% used [0x00000000e4000000, 0x00000000e4911ab8, 0x00000000e4ab0000)
  from space 1344K,  82% used [0x00000000e4ab0000, 0x00000000e4bc5270, 0x00000000e4c00000)
  to   space 1344K,   0% used [0x00000000e4c00000, 0x00000000e4c00000, 0x00000000e4d50000)
 tenured generation   total 27204K, used 21480K [0x00000000ed550000, 0x00000000eefe1000, 0x0000000100000000)
   the space 27204K,  78% used [0x00000000ed550000, 0x00000000eea4a2a0, 0x00000000eea4a400, 0x00000000eefe1000)
 Metaspace       used 19604K, capacity 19808K, committed 20096K, reserved 1067008K
  class space    used 2562K, capacity 2606K, committed 2688K, reserved 1048576K

Card table byte_map: [0x0000000011890000,0x0000000011980000] byte_map_base: 0x0000000011170000

Polling page: 0x00000000001f0000

CodeCache: size=245760Kb used=8796Kb max_used=8813Kb free=236963Kb
 bounds [0x00000000024d0000, 0x0000000002d80000, 0x00000000114d0000]
 total_blobs=3180 nmethods=2761 adapters=331
 compilation: enabled

Compilation events (10 events):
Event: 2.607 Thread 0x000000001227f800 nmethod 2776 0x0000000002d5d790 code [0x0000000002d5d900, 0x0000000002d5da88]
Event: 2.618 Thread 0x000000001227f800 2777       2       java.nio.DirectByteBuffer::put (18 bytes)
Event: 2.618 Thread 0x000000001227f800 nmethod 2777 0x0000000002d5e2d0 code [0x0000000002d5e420, 0x0000000002d5e590]
Event: 2.618 Thread 0x000000001227f800 2778       2       java.nio.DirectByteBuffer::ix (10 bytes)
Event: 2.618 Thread 0x000000001227f800 nmethod 2778 0x0000000002d5e690 code [0x0000000002d5e7e0, 0x0000000002d5e930]
Event: 2.619 Thread 0x000000001227f800 2780       2       java.nio.DirectByteBuffer::put (18 bytes)
Event: 2.619 Thread 0x000000001227f800 nmethod 2780 0x0000000002d5e990 code [0x0000000002d5eae0, 0x0000000002d5ec50]
Event: 2.638 Thread 0x000000001227e000 nmethod 2652 0x0000000002d65490 code [0x0000000002d65a20, 0x0000000002d68750]
Event: 2.638 Thread 0x000000001227e000 2420 % !   4       java.util.concurrent.ConcurrentHashMap::transfer @ 99 (832 bytes)
Event: 2.653 Thread 0x000000001227e000 nmethod 2420% 0x0000000002d60490 code [0x0000000002d60620, 0x0000000002d61368]

GC Heap History (10 events):
Event: 1.479 GC heap before
{Heap before GC invocations=13 (full 0):
 def new generation   total 8640K, used 8639K [0x00000000e4000000, 0x00000000e4950000, 0x00000000ed550000)
  eden space 7744K, 100% used [0x00000000e4000000, 0x00000000e4790000, 0x00000000e4790000)
  from space 896K,  99% used [0x00000000e4870000, 0x00000000e494fff0, 0x00000000e4950000)
  to   space 896K,   0% used [0x00000000e4790000, 0x00000000e4790000, 0x00000000e4870000)
 tenured generation   total 19136K, used 18384K [0x00000000ed550000, 0x00000000ee800000, 0x0000000100000000)
   the space 19136K,  96% used [0x00000000ed550000, 0x00000000ee744268, 0x00000000ee744400, 0x00000000ee800000)
 Metaspace       used 13098K, capacity 13254K, committed 13312K, reserved 1060864K
  class space    used 1730K, capacity 1759K, committed 1792K, reserved 1048576K
Event: 1.528 GC heap after
Heap after GC invocations=14 (full 1):
 def new generation   total 12288K, used 0K [0x00000000e4000000, 0x00000000e4d50000, 0x00000000ed550000)
  eden space 10944K,   0% used [0x00000000e4000000, 0x00000000e4000000, 0x00000000e4ab0000)
  from space 1344K,   0% used [0x00000000e4ab0000, 0x00000000e4ab0000, 0x00000000e4c00000)
  to   space 1344K,   0% used [0x00000000e4c00000, 0x00000000e4c00000, 0x00000000e4d50000)
 tenured generation   total 27204K, used 16321K [0x00000000ed550000, 0x00000000eefe1000, 0x0000000100000000)
   the space 27204K,  59% used [0x00000000ed550000, 0x00000000ee540608, 0x00000000ee540800, 0x00000000eefe1000)
 Metaspace       used 13098K, capacity 13254K, committed 13312K, reserved 1060864K
  class space    used 1730K, capacity 1759K, committed 1792K, reserved 1048576K
}
Event: 1.741 GC heap before
{Heap before GC invocations=14 (full 1):
 def new generation   total 12288K, used 10944K [0x00000000e4000000, 0x00000000e4d50000, 0x00000000ed550000)
  eden space 10944K, 100% used [0x00000000e4000000, 0x00000000e4ab0000, 0x00000000e4ab0000)
  from space 1344K,   0% used [0x00000000e4ab0000, 0x00000000e4ab0000, 0x00000000e4c00000)
  to   space 1344K,   0% used [0x00000000e4c00000, 0x00000000e4c00000, 0x00000000e4d50000)
 tenured generation   total 27204K, used 16321K [0x00000000ed550000, 0x00000000eefe1000, 0x0000000100000000)
   the space 27204K,  59% used [0x00000000ed550000, 0x00000000ee540608, 0x00000000ee540800, 0x00000000eefe1000)
 Metaspace       used 14873K, capacity 15058K, committed 15104K, reserved 1062912K
  class space    used 1960K, capacity 2017K, committed 2048K, reserved 1048576K
Event: 1.747 GC heap after
Heap after GC invocations=15 (full 1):
 def new generation   total 12288K, used 1344K [0x00000000e4000000, 0x00000000e4d50000, 0x00000000ed550000)
  eden space 10944K,   0% used [0x00000000e4000000, 0x00000000e4000000, 0x00000000e4ab0000)
  from space 1344K, 100% used [0x00000000e4c00000, 0x00000000e4d50000, 0x00000000e4d50000)
  to   space 1344K,   0% used [0x00000000e4ab0000, 0x00000000e4ab0000, 0x00000000e4c00000)
 tenured generation   total 27204K, used 17172K [0x00000000ed550000, 0x00000000eefe1000, 0x0000000100000000)
   the space 27204K,  63% used [0x00000000ed550000, 0x00000000ee615008, 0x00000000ee615200, 0x00000000eefe1000)
 Metaspace       used 14873K, capacity 15058K, committed 15104K, reserved 1062912K
  class space    used 1960K, capacity 2017K, committed 2048K, reserved 1048576K
}
Event: 2.012 GC heap before
{Heap before GC invocations=15 (full 1):
 def new generation   total 12288K, used 12288K [0x00000000e4000000, 0x00000000e4d50000, 0x00000000ed550000)
  eden space 10944K, 100% used [0x00000000e4000000, 0x00000000e4ab0000, 0x00000000e4ab0000)
  from space 1344K, 100% used [0x00000000e4c00000, 0x00000000e4d50000, 0x00000000e4d50000)
  to   space 1344K,   0% used [0x00000000e4ab0000, 0x00000000e4ab0000, 0x00000000e4c00000)
 tenured generation   total 27204K, used 17172K [0x00000000ed550000, 0x00000000eefe1000, 0x0000000100000000)
   the space 27204K,  63% used [0x00000000ed550000, 0x00000000ee615008, 0x00000000ee615200, 0x00000000eefe1000)
 Metaspace       used 16773K, capacity 16946K, committed 17280K, reserved 1064960K
  class space    used 2253K, capacity 2305K, committed 2432K, reserved 1048576K
Event: 2.019 GC heap after
Heap after GC invocations=16 (full 1):
 def new generation   total 12288K, used 1344K [0x00000000e4000000, 0x00000000e4d50000, 0x00000000ed550000)
  eden space 10944K,   0% used [0x00000000e4000000, 0x00000000e4000000, 0x00000000e4ab0000)
  from space 1344K, 100% used [0x00000000e4ab0000, 0x00000000e4c00000, 0x00000000e4c00000)
  to   space 1344K,   0% used [0x00000000e4c00000, 0x00000000e4c00000, 0x00000000e4d50000)
 tenured generation   total 27204K, used 18839K [0x00000000ed550000, 0x00000000eefe1000, 0x0000000100000000)
   the space 27204K,  69% used [0x00000000ed550000, 0x00000000ee7b5c80, 0x00000000ee7b5e00, 0x00000000eefe1000)
 Metaspace       used 16773K, capacity 16946K, committed 17280K, reserved 1064960K
  class space    used 2253K, capacity 2305K, committed 2432K, reserved 1048576K
}
Event: 2.256 GC heap before
{Heap before GC invocations=16 (full 1):
 def new generation   total 12288K, used 12288K [0x00000000e4000000, 0x00000000e4d50000, 0x00000000ed550000)
  eden space 10944K, 100% used [0x00000000e4000000, 0x00000000e4ab0000, 0x00000000e4ab0000)
  from space 1344K, 100% used [0x00000000e4ab0000, 0x00000000e4c00000, 0x00000000e4c00000)
  to   space 1344K,   0% used [0x00000000e4c00000, 0x00000000e4c00000, 0x00000000e4d50000)
 tenured generation   total 27204K, used 18839K [0x00000000ed550000, 0x00000000eefe1000, 0x0000000100000000)
   the space 27204K,  69% used [0x00000000ed550000, 0x00000000ee7b5c80, 0x00000000ee7b5e00, 0x00000000eefe1000)
 Metaspace       used 17838K, capacity 17980K, committed 18048K, reserved 1064960K
  class space    used 2369K, capacity 2408K, committed 2432K, reserved 1048576K
Event: 2.265 GC heap after
Heap after GC invocations=17 (full 1):
 def new generation   total 12288K, used 1344K [0x00000000e4000000, 0x00000000e4d50000, 0x00000000ed550000)
  eden space 10944K,   0% used [0x00000000e4000000, 0x00000000e4000000, 0x00000000e4ab0000)
  from space 1344K, 100% used [0x00000000e4c00000, 0x00000000e4d50000, 0x00000000e4d50000)
  to   space 1344K,   0% used [0x00000000e4ab0000, 0x00000000e4ab0000, 0x00000000e4c00000)
 tenured generation   total 27204K, used 20191K [0x00000000ed550000, 0x00000000eefe1000, 0x0000000100000000)
   the space 27204K,  74% used [0x00000000ed550000, 0x00000000ee907e90, 0x00000000ee908000, 0x00000000eefe1000)
 Metaspace       used 17838K, capacity 17980K, committed 18048K, reserved 1064960K
  class space    used 2369K, capacity 2408K, committed 2432K, reserved 1048576K
}
Event: 2.440 GC heap before
{Heap before GC invocations=17 (full 1):
 def new generation   total 12288K, used 12288K [0x00000000e4000000, 0x00000000e4d50000, 0x00000000ed550000)
  eden space 10944K, 100% used [0x00000000e4000000, 0x00000000e4ab0000, 0x00000000e4ab0000)
  from space 1344K, 100% used [0x00000000e4c00000, 0x00000000e4d50000, 0x00000000e4d50000)
  to   space 1344K,   0% used [0x00000000e4ab0000, 0x00000000e4ab0000, 0x00000000e4c00000)
 tenured generation   total 27204K, used 20191K [0x00000000ed550000, 0x00000000eefe1000, 0x0000000100000000)
   the space 27204K,  74% used [0x00000000ed550000, 0x00000000ee907e90, 0x00000000ee908000, 0x00000000eefe1000)
 Metaspace       used 18362K, capacity 18522K, committed 18688K, reserved 1064960K
  class space    used 2430K, capacity 2477K, committed 2560K, reserved 1048576K
Event: 2.449 GC heap after
Heap after GC invocations=18 (full 1):
 def new generation   total 12288K, used 1108K [0x00000000e4000000, 0x00000000e4d50000, 0x00000000ed550000)
  eden space 10944K,   0% used [0x00000000e4000000, 0x00000000e4000000, 0x00000000e4ab0000)
  from space 1344K,  82% used [0x00000000e4ab0000, 0x00000000e4bc5270, 0x00000000e4c00000)
  to   space 1344K,   0% used [0x00000000e4c00000, 0x00000000e4c00000, 0x00000000e4d50000)
 tenured generation   total 27204K, used 21480K [0x00000000ed550000, 0x00000000eefe1000, 0x0000000100000000)
   the space 27204K,  78% used [0x00000000ed550000, 0x00000000eea4a2a0, 0x00000000eea4a400, 0x00000000eefe1000)
 Metaspace       used 18362K, capacity 18522K, committed 18688K, reserved 1064960K
  class space    used 2430K, capacity 2477K, committed 2560K, reserved 1048576K
}

Deoptimization events (10 events):
Event: 2.268 Thread 0x00000000023d4800 Uncommon trap: reason=unstable_if action=reinterpret pc=0x00000000029b8d9c method=java.lang.ref.ReferenceQueue.poll()Ljava/lang/ref/Reference; @ 4
Event: 2.268 Thread 0x00000000023d4800 Uncommon trap: reason=bimorphic action=maybe_recompile pc=0x0000000002c077c0 method=org.eclipse.emf.common.util.AbstractTreeIterator.next()Ljava/lang/Object; @ 153
Event: 2.268 Thread 0x00000000023d4800 Uncommon trap: reason=bimorphic action=maybe_recompile pc=0x0000000002c077c0 method=org.eclipse.emf.common.util.AbstractTreeIterator.next()Ljava/lang/Object; @ 153
Event: 2.268 Thread 0x00000000023d4800 Uncommon trap: reason=bimorphic action=maybe_recompile pc=0x0000000002c077c0 method=org.eclipse.emf.common.util.AbstractTreeIterator.next()Ljava/lang/Object; @ 153
Event: 2.268 Thread 0x00000000023d4800 Uncommon trap: reason=bimorphic action=maybe_recompile pc=0x0000000002c077c0 method=org.eclipse.emf.common.util.AbstractTreeIterator.next()Ljava/lang/Object; @ 153
Event: 2.350 Thread 0x00000000023d4800 Uncommon trap: reason=class_check action=maybe_recompile pc=0x0000000002bc66f0 method=org.eclipse.xtext.nodemodel.impl.NodeModelBuilder.addChild(Lorg/eclipse/xtext/nodemodel/ICompositeNode;Lorg/eclipse/xtext/nodemodel/impl/AbstractNode;)V @ 6
Event: 2.351 Thread 0x00000000023d4800 Uncommon trap: reason=null_check action=make_not_entrant pc=0x0000000002cd9cf4 method=org.eclipse.xtext.util.OnChangeEvictingCache.getOrCreate(Lorg/eclipse/emf/ecore/resource/Resource;)Lorg/eclipse/xtext/util/OnChangeEvictingCache$CacheAdapter; @ 11
Event: 2.425 Thread 0x00000000023d4800 Uncommon trap: reason=unstable_if action=reinterpret pc=0x00000000029c1264 method=java.util.concurrent.ConcurrentHashMap.putVal(Ljava/lang/Object;Ljava/lang/Object;Z)Ljava/lang/Object; @ 181
Event: 2.545 Thread 0x00000000023d4800 Uncommon trap: reason=unstable_if action=reinterpret pc=0x0000000002880c00 method=java.io.WinNTFileSystem.normalize(Ljava/lang/String;)Ljava/lang/String; @ 49
Event: 2.558 Thread 0x00000000023d4800 Uncommon trap: reason=unstable_if action=reinterpret pc=0x0000000002a9b460 method=sun.security.provider.DigestBase.engineUpdate([BII)V @ 1

Internal exceptions (10 events):
Event: 2.489 Thread 0x00000000023d4800 Exception <a 'java/lang/reflect/InvocationTargetException'> (0x00000000e4287710) thrown at [C:\re\workspace\8-2-build-windows-amd64-cygwin\jdk8u144\9417\hotspot\src\share\vm\runtime\reflection.cpp, line 1092]
Event: 2.494 Thread 0x00000000023d4800 Exception <a 'java/lang/reflect/InvocationTargetException'> (0x00000000e42e6038) thrown at [C:\re\workspace\8-2-build-windows-amd64-cygwin\jdk8u144\9417\hotspot\src\share\vm\runtime\reflection.cpp, line 1092]
Event: 2.495 Thread 0x00000000023d4800 Exception <a 'java/lang/reflect/InvocationTargetException'> (0x00000000e4303858) thrown at [C:\re\workspace\8-2-build-windows-amd64-cygwin\jdk8u144\9417\hotspot\src\share\vm\runtime\reflection.cpp, line 1092]
Event: 2.496 Thread 0x00000000023d4800 Exception <a 'java/lang/reflect/InvocationTargetException'> (0x00000000e43210f0) thrown at [C:\re\workspace\8-2-build-windows-amd64-cygwin\jdk8u144\9417\hotspot\src\share\vm\runtime\reflection.cpp, line 1092]
Event: 2.626 Thread 0x00000000023d4800 Exception <a 'java/security/PrivilegedActionException'> (0x00000000e4891128) thrown at [C:\re\workspace\8-2-build-windows-amd64-cygwin\jdk8u144\9417\hotspot\src\share\vm\prims\jvm.cpp, line 1390]
Event: 2.626 Thread 0x00000000023d4800 Exception <a 'java/security/PrivilegedActionException'> (0x00000000e4892658) thrown at [C:\re\workspace\8-2-build-windows-amd64-cygwin\jdk8u144\9417\hotspot\src\share\vm\prims\jvm.cpp, line 1390]
Event: 2.626 Thread 0x00000000023d4800 Exception <a 'java/security/PrivilegedActionException'> (0x00000000e4893a88) thrown at [C:\re\workspace\8-2-build-windows-amd64-cygwin\jdk8u144\9417\hotspot\src\share\vm\prims\jvm.cpp, line 1390]
Event: 2.626 Thread 0x00000000023d4800 Exception <a 'java/security/PrivilegedActionException'> (0x00000000e4895148) thrown at [C:\re\workspace\8-2-build-windows-amd64-cygwin\jdk8u144\9417\hotspot\src\share\vm\prims\jvm.cpp, line 1390]
Event: 2.626 Thread 0x00000000023d4800 Exception <a 'java/security/PrivilegedActionException'> (0x00000000e4896540) thrown at [C:\re\workspace\8-2-build-windows-amd64-cygwin\jdk8u144\9417\hotspot\src\share\vm\prims\jvm.cpp, line 1390]
Event: 2.626 Thread 0x00000000023d4800 Exception <a 'java/security/PrivilegedActionException'> (0x00000000e4897908) thrown at [C:\re\workspace\8-2-build-windows-amd64-cygwin\jdk8u144\9417\hotspot\src\share\vm\prims\jvm.cpp, line 1390]

Events (10 events):
Event: 2.645 loading class org/lwjgl/openal/ALCdevice
Event: 2.645 loading class org/lwjgl/openal/ALCdevice done
Event: 2.645 loading class org/lwjgl/openal/ALCcontext
Event: 2.645 loading class org/lwjgl/openal/ALCcontext done
Event: 2.647 loading class java/nio/DirectIntBufferU
Event: 2.647 loading class java/nio/DirectIntBufferU done
Event: 2.647 loading class org/lwjgl/openal/Util
Event: 2.647 loading class org/lwjgl/openal/Util done
Event: 2.647 loading class org/lwjgl/openal/OpenALException
Event: 2.647 loading class org/lwjgl/openal/OpenALException done


Dynamic libraries:
0x00007ff645300000 - 0x00007ff645337000 	C:\Program Files\Java\jre1.8.0_144\bin\javaw.exe
0x00007ffb203a0000 - 0x00007ffb20561000 	C:\Windows\SYSTEM32\ntdll.dll
0x00007ffb1fc70000 - 0x00007ffb1fd1d000 	C:\Windows\system32\KERNEL32.DLL
0x00007ffb1cb40000 - 0x00007ffb1cd28000 	C:\Windows\system32\KERNELBASE.dll
0x00007ffb1dbe0000 - 0x00007ffb1dc87000 	C:\Windows\system32\ADVAPI32.dll
0x00007ffb1db40000 - 0x00007ffb1dbdd000 	C:\Windows\system32\msvcrt.dll
0x00007ffb20170000 - 0x00007ffb201cb000 	C:\Windows\system32\sechost.dll
0x00007ffb1ff30000 - 0x00007ffb2004d000 	C:\Windows\system32\RPCRT4.dll
0x00007ffb1fd20000 - 0x00007ffb1fe76000 	C:\Windows\system32\USER32.dll
0x00007ffb1e0c0000 - 0x00007ffb1e247000 	C:\Windows\system32\GDI32.dll
0x00007ffb0fd40000 - 0x00007ffb0ffb4000 	C:\Windows\WinSxS\amd64_microsoft.windows.common-controls_6595b64144ccf1df_6.0.10586.839_none_a2ddba30a539a2ae\COMCTL32.dll
0x00007ffb1de40000 - 0x00007ffb1e0be000 	C:\Windows\system32\combase.dll
0x00007ffb1cd30000 - 0x00007ffb1cd9a000 	C:\Windows\system32\bcryptPrimitives.dll
0x00007ffb1d7a0000 - 0x00007ffb1d7db000 	C:\Windows\system32\IMM32.DLL
0x0000000056ce0000 - 0x0000000056db2000 	C:\Program Files\Java\jre1.8.0_144\bin\msvcr100.dll
0x00000000559b0000 - 0x000000005624d000 	C:\Program Files\Java\jre1.8.0_144\bin\server\jvm.dll
0x00007ffb1e250000 - 0x00007ffb1e258000 	C:\Windows\system32\PSAPI.DLL
0x00007ffb1af60000 - 0x00007ffb1af69000 	C:\Windows\SYSTEM32\WSOCK32.dll
0x00007ffb1e260000 - 0x00007ffb1e2cb000 	C:\Windows\system32\WS2_32.dll
0x00007ffb1b2b0000 - 0x00007ffb1b2d3000 	C:\Windows\SYSTEM32\WINMM.dll
0x00007ffb17df0000 - 0x00007ffb17dfa000 	C:\Windows\SYSTEM32\VERSION.dll
0x00007ffb1b280000 - 0x00007ffb1b2ac000 	C:\Windows\SYSTEM32\WINMMBASE.dll
0x00007ffb1d680000 - 0x00007ffb1d6c3000 	C:\Windows\system32\cfgmgr32.dll
0x0000000056cd0000 - 0x0000000056cdf000 	C:\Program Files\Java\jre1.8.0_144\bin\verify.dll
0x0000000056ca0000 - 0x0000000056cc9000 	C:\Program Files\Java\jre1.8.0_144\bin\java.dll
0x0000000056c80000 - 0x0000000056c96000 	C:\Program Files\Java\jre1.8.0_144\bin\zip.dll
0x00007ffb1e700000 - 0x00007ffb1fc5c000 	C:\Windows\system32\SHELL32.dll
0x00007ffb1ce60000 - 0x00007ffb1d4a5000 	C:\Windows\system32\windows.storage.dll
0x00007ffb20050000 - 0x00007ffb200a2000 	C:\Windows\system32\shlwapi.dll
0x00007ffb1c9e0000 - 0x00007ffb1c9ef000 	C:\Windows\system32\kernel.appcore.dll
0x00007ffb1cda0000 - 0x00007ffb1ce55000 	C:\Windows\system32\shcore.dll
0x00007ffb1c9f0000 - 0x00007ffb1ca3b000 	C:\Windows\system32\powrprof.dll
0x00007ffb1c9c0000 - 0x00007ffb1c9d4000 	C:\Windows\system32\profapi.dll
0x0000000065580000 - 0x0000000065616000 	C:\Users\publico\AppData\Local\Temp\libgdxpublico\12dfaa03\gdx64.dll
0x00007ffb1c3a0000 - 0x00007ffb1c3b7000 	C:\Windows\SYSTEM32\CRYPTSP.dll
0x00007ffb1bfd0000 - 0x00007ffb1c004000 	C:\Windows\system32\rsaenh.dll
0x00007ffb1c8f0000 - 0x00007ffb1c919000 	C:\Windows\SYSTEM32\bcrypt.dll
0x00007ffb1c180000 - 0x00007ffb1c19f000 	C:\Windows\SYSTEM32\USERENV.dll
0x00007ffb1c4c0000 - 0x00007ffb1c4cb000 	C:\Windows\SYSTEM32\CRYPTBASE.dll
0x0000000056c60000 - 0x0000000056c7a000 	C:\Program Files\Java\jre1.8.0_144\bin\net.dll
0x00007ffb1c2f0000 - 0x00007ffb1c34c000 	C:\Windows\system32\mswsock.dll
0x00007ffb1a0b0000 - 0x00007ffb1a0e8000 	C:\Windows\SYSTEM32\IPHLPAPI.DLL
0x00007ffb20320000 - 0x00007ffb20328000 	C:\Windows\system32\NSI.dll
0x00007ffb19e80000 - 0x00007ffb19e96000 	C:\Windows\SYSTEM32\dhcpcsvc6.DLL
0x00007ffb19e60000 - 0x00007ffb19e7a000 	C:\Windows\SYSTEM32\dhcpcsvc.DLL
0x0000000056c40000 - 0x0000000056c51000 	C:\Program Files\Java\jre1.8.0_144\bin\nio.dll
0x0000000180000000 - 0x0000000180053000 	C:\Users\publico\AppData\Local\Temp\libgdxpublico\dc0f0009\lwjgl64.dll
0x00007ffb04b20000 - 0x00007ffb04c49000 	C:\Windows\SYSTEM32\OPENGL32.dll
0x00007ffb18320000 - 0x00007ffb1834e000 	C:\Windows\SYSTEM32\GLU32.dll
0x00007ffb01f00000 - 0x00007ffb01ffa000 	C:\Windows\SYSTEM32\DDRAW.dll
0x00007ffb1ad50000 - 0x00007ffb1ad58000 	C:\Windows\SYSTEM32\DCIMAN32.dll
0x0000000000880000 - 0x00000000008e4000 	C:\Users\publico\AppData\Local\Temp\libgdxpublico\dc0f0009\OpenAL64.dll
0x00007ffb201d0000 - 0x00007ffb20313000 	C:\Windows\system32\ole32.dll
0x00007ffb1b4e0000 - 0x00007ffb1b576000 	C:\Windows\system32\uxtheme.dll
0x00007ffb1fe80000 - 0x00007ffb1ff27000 	C:\Windows\system32\clbcatq.dll
0x00007ffb191f0000 - 0x00007ffb19376000 	C:\Windows\System32\PROPSYS.dll
0x00007ffb1d7e0000 - 0x00007ffb1d8a6000 	C:\Windows\system32\OLEAUT32.dll
0x00007ffb01010000 - 0x00007ffb010ac000 	C:\Windows\SYSTEM32\dsound.dll
0x00007ffb199e0000 - 0x00007ffb19a50000 	C:\Windows\System32\MMDevApi.dll
0x00007ffb1b4b0000 - 0x00007ffb1b4d7000 	C:\Windows\System32\DEVOBJ.dll
0x00007ffb12a00000 - 0x00007ffb12a88000 	C:\Windows\SYSTEM32\AUDIOSES.DLL
0x00007ffb17350000 - 0x00007ffb17486000 	C:\Windows\SYSTEM32\wintypes.dll
0x00007ffb06f60000 - 0x00007ffb070ec000 	C:\Windows\SYSTEM32\dbghelp.dll

VM Arguments:
jvm_args: -Duser.language=es_AR -Dfile.encoding=UTF-8 
java_command: org.uqbar.project.wollok.launch.WollokLauncher -requestsPort 0 -eventsPort 0 -folder -dontValidate -wf src/juego.wpgm
java_class_path (initial): C:\wollok-win32.win32.x86_64\workspace\git\2019s2-tp-juego-arkanoid-eze-fran-fede\bin;C:\wollok-win32.win32.x86_64\plugins\com.ibm.icu_56.1.0.v201601250100.jar;C:\wollok-win32.win32.x86_64\plugins\org.eclipse.xtext_2.11.0.v20170130-0808.jar;C:\wollok-win32.win32.x86_64\plugins\org.eclipse.emf.ecore.xmi_2.12.0.v20160420-0247.jar;C:\wollok-win32.win32.x86_64\plugins\org.eclipse.emf.ecore_2.12.0.v20160420-0247.jar;C:\wollok-win32.win32.x86_64\plugins\org.eclipse.emf.common_2.12.0.v20160420-0247.jar;C:\wollok-win32.win32.x86_64\plugins\org.antlr.runtime_3.2.0.v201101311130.jar;C:\wollok-win32.win32.x86_64\plugins\com.google.inject_3.0.0.v201605172100.jar;C:\wollok-win32.win32.x86_64\plugins\org.eclipse.emf.mwe.core_1.3.20.v201605261103.jar;C:\wollok-win32.win32.x86_64\plugins\org.apache.commons.cli_1.2.0.v201404270220.jar;C:\wollok-win32.win32.x86_64\plugins\org.eclipse.emf.mwe2.runtime_2.9.0.v201605261103.jar;C:\wollok-win32.win32.x86_64\plugins\org.eclipse.emf.mwe.utils_1.3.20.v201605261103.jar;C:\wollok-win32.win32.x86_64\plugins\org.eclipse.xtext.util_2.11.0.v20170130-0808.jar;C:\wollok-win32.win32.x86_64\plugins\com.google.guava_15.0.0.v201403281430.jar;C:\wollok-win32.win32.x86_64\plugins\javax.inject_1.0.0.v20091030.jar;C:\wollok-win32.win32.x86_64\plugins\org.eclipse.xtext.generator_2.11.0.v20170131-1210.jar;C:\wollok-win32.win32.x86_64\plugins\org.eclipse.xtext.xtext.generator_2.11.0.v20170130-0808.jar;C:\wollok-win32.win32.x86_64\plugins\org.eclipse.xtext.xbase.lib_2.11.0.v20170124-1424.jar;C:\wollok-win32.win32.x86_64\plugins\org.eclipse.emf.codegen.ecore_2.12.0.v20160526-0356.jar;C:\wollok-win32.win32.x86_64\plugins\org.eclipse.emf.codegen_2.11.0.v20160526-0356.jar;C:\wollok-win32.win32.x86_64\plugins\org.eclipse.xtend_2.2.0.v201605260315.jar;C:\wollok-win32.win32.x86_64\plugins\org.eclipse.xpand_2.2.0.v201605260315.jar;C:\wollok-win32.win32.x86_64\plugins\org.eclipse.xtend.typesystem.emf_2.2.0.v201605260315.jar;C:\wollok-win32.w
Launcher Type: SUN_STANDARD

Environment Variables:
PATH=C:/Program Files/Java/jre1.8.0_144/bin/server;C:/Program Files/Java/jre1.8.0_144/bin;C:/Program Files/Java/jre1.8.0_144/lib/amd64;C:\ProgramData\Oracle\Java\javapath;C:\Windows\system32;C:\Windows;C:\Windows\System32\Wbem;C:\Windows\System32\WindowsPowerShell\v1.0\;C:\Program Files\MATLAB\R2013a\runtime\win64;C:\Program Files\MATLAB\R2013a\bin;C:\wollok-win32.win32.x86_64;
USERNAME=publico
OS=Windows_NT
PROCESSOR_IDENTIFIER=AMD64 Family 16 Model 4 Stepping 3, AuthenticAMD



---------------  S Y S T E M  ---------------

OS: Windows 10.0 , 64 bit Build 10586 (10.0.10586.589)

CPU:total 4 (initial active 4) (4 cores per cpu, 1 threads per core) family 16 model 4 stepping 3, cmov, cx8, fxsr, mmx, sse, sse2, sse3, popcnt, mmxext, 3dnowpref, lzcnt, sse4a, tsc, tscinvbit, tscinv

Memory: 4k page, physical 1832500k(312928k free), swap 3017068k(658920k free)

vm_info: Java HotSpot(TM) 64-Bit Server VM (25.144-b01) for windows-amd64 JRE (1.8.0_144-b01), built on Jul 21 2017 21:57:33 by "java_re" with MS VC++ 10.0 (VS2010)

time: Tue Oct 29 20:53:09 2019
elapsed time: 2 seconds (0d 0h 0m 2s)

