#
# There is insufficient memory for the Java Runtime Environment to continue.
# Native memory allocation (malloc) failed to allocate 131088 bytes for Chunk::new
# Possible reasons:
#   The system is out of physical RAM or swap space
#   The process is running with CompressedOops enabled, and the Java Heap may be blocking the growth of the native heap
# Possible solutions:
#   Reduce memory load on the system
#   Increase physical memory or swap space
#   Check if swap backing store is full
#   Decrease Java heap size (-Xmx/-Xms)
#   Decrease number of Java threads
#   Decrease Java thread stack sizes (-Xss)
#   Set larger code cache with -XX:ReservedCodeCacheSize=
#   JVM is running with Unscaled Compressed Oops mode in which the Java heap is
#     placed in the first 4GB address space. The Java Heap base address is the
#     maximum limit for the native heap growth. Please use -XX:HeapBaseMinAddress
#     to set the Java Heap base and to place the Java Heap above 4GB virtual address.
# This output file may be truncated or incomplete.
#
#  Out of Memory Error (allocation.cpp:389), pid=9872, tid=0x00000000000016f8
#
# JRE version: OpenJDK Runtime Environment (8.0_232-b09) (build 1.8.0_232-b09)
# Java VM: OpenJDK 64-Bit Server VM (25.232-b09 mixed mode windows-amd64 compressed oops)
# Failed to write core dump. Minidumps are not enabled by default on client versions of Windows
#

---------------  T H R E A D  ---------------

Current thread (0x00000210cc50a800):  JavaThread "C2 CompilerThread1" daemon [_thread_in_native, id=5880, stack(0x000000bd6de00000,0x000000bd6df00000)]

Stack: [0x000000bd6de00000,0x000000bd6df00000]
[error occurred during error reporting (printing stack bounds), id 0xc0000005]

Native frames: (J=compiled Java code, j=interpreted, Vv=VM code, C=native code)


Current CompileTask:
C2:   2227 1709   !   4       java.net.URL::<init> (543 bytes)


---------------  P R O C E S S  ---------------

Java Threads: ( => current thread )
  0x00000210cddfa800 JavaThread "com.google.inject.internal.util.$Finalizer" daemon [_thread_blocked, id=10632, stack(0x000000bd6e300000,0x000000bd6e400000)]
  0x00000210cd5e8800 JavaThread "EMF Reference Cleaner" daemon [_thread_blocked, id=9296, stack(0x000000bd6e200000,0x000000bd6e300000)]
  0x00000210cc589800 JavaThread "Service Thread" daemon [_thread_blocked, id=3240, stack(0x000000bd6e000000,0x000000bd6e100000)]
  0x00000210cc539800 JavaThread "C1 CompilerThread2" daemon [_thread_blocked, id=8604, stack(0x000000bd6df00000,0x000000bd6e000000)]
=>0x00000210cc50a800 JavaThread "C2 CompilerThread1" daemon [_thread_in_native, id=5880, stack(0x000000bd6de00000,0x000000bd6df00000)]
  0x00000210cc4f1800 JavaThread "C2 CompilerThread0" daemon [_thread_in_native, id=5712, stack(0x000000bd6dd00000,0x000000bd6de00000)]
  0x00000210cc4ef800 JavaThread "Attach Listener" daemon [_thread_blocked, id=7568, stack(0x000000bd6dc00000,0x000000bd6dd00000)]
  0x00000210cc4ee800 JavaThread "Signal Dispatcher" daemon [_thread_blocked, id=9888, stack(0x000000bd6db00000,0x000000bd6dc00000)]
  0x00000210cc4c5800 JavaThread "Finalizer" daemon [_thread_blocked, id=10716, stack(0x000000bd6da00000,0x000000bd6db00000)]
  0x00000210cc4ba800 JavaThread "Reference Handler" daemon [_thread_blocked, id=10764, stack(0x000000bd6d900000,0x000000bd6da00000)]
  0x00000210b65e8000 JavaThread "main" [_thread_in_vm, id=6888, stack(0x000000bd6d300000,0x000000bd6d400000)]

Other Threads:
  0x00000210cbd8e800 VMThread [stack: 0x000000bd6d800000,0x000000bd6d900000] [id=1480]
  0x00000210cc58a800 WatcherThread [stack: 0x000000bd6e100000,0x000000bd6e200000] [id=7920]

VM state:not at safepoint (normal execution)

VM Mutex/Monitor currently owned by a thread: None

heap address: 0x0000000091200000, size: 1774 MB, Compressed Oops mode: 32-bit
Narrow klass base: 0x0000000000000000, Narrow klass shift: 3
Compressed class space size: 1073741824 Address: 0x0000000100000000

Heap:
 PSYoungGen      total 61952K, used 22358K [0x00000000db100000, 0x00000000e2a00000, 0x0000000100000000)
  eden space 57344K, 31% used [0x00000000db100000,0x00000000dc25ca50,0x00000000de900000)
  from space 4608K, 99% used [0x00000000de900000,0x00000000ded78f70,0x00000000ded80000)
  to   space 4608K, 0% used [0x00000000e2580000,0x00000000e2580000,0x00000000e2a00000)
 ParOldGen       total 76800K, used 17235K [0x0000000091200000, 0x0000000095d00000, 0x00000000db100000)
  object space 76800K, 22% used [0x0000000091200000,0x00000000922d4eb8,0x0000000095d00000)
 Metaspace       used 16166K, capacity 16298K, committed 16512K, reserved 1062912K
  class space    used 2091K, capacity 2113K, committed 2176K, reserved 1048576K

Card table byte_map: [0x00000210c73d0000,0x00000210c7750000] byte_map_base: 0x00000210c6f47000

Marking Bits: (ParMarkBitMap*) 0x0000000075eb5f70
 Begin Bits: [0x00000210c79a0000, 0x00000210c9558000)
 End Bits:   [0x00000210c9558000, 0x00000210cb110000)

Polling page: 0x00000210b6580000

CodeCache: size=245760Kb used=5761Kb max_used=5761Kb free=239998Kb
 bounds [0x00000210b8010000, 0x00000210b85c0000, 0x00000210c7010000]
 total_blobs=2078 nmethods=1712 adapters=278
 compilation: enabled

Compilation events (10 events):
Event: 2.204 Thread 0x00000210cc539800 nmethod 1711 0x00000210b85ace10 code [0x00000210b85acf80, 0x00000210b85ad158]
Event: 2.204 Thread 0x00000210cc539800 1712       3       com.google.common.collect.AbstractMapBasedMultimap$WrappedCollection::refreshIfEmpty (78 bytes)
Event: 2.204 Thread 0x00000210cc539800 nmethod 1712 0x00000210b85ad250 code [0x00000210b85ad400, 0x00000210b85adb40]
Event: 2.204 Thread 0x00000210cc539800 1713       3       com.google.common.collect.AbstractMapBasedMultimap$WrappedCollection$WrappedIterator::validateIterator (30 bytes)
Event: 2.204 Thread 0x00000210cc539800 nmethod 1713 0x00000210b85add90 code [0x00000210b85adf20, 0x00000210b85ae240]
Event: 2.206 Thread 0x00000210cc539800 1714       1       com.google.common.collect.ImmutableEntry::getKey (5 bytes)
Event: 2.206 Thread 0x00000210cc539800 nmethod 1714 0x00000210b85ae390 code [0x00000210b85ae4e0, 0x00000210b85ae5f8]
Event: 2.206 Thread 0x00000210cc539800 1715       1       com.google.common.collect.ImmutableEntry::getValue (5 bytes)
Event: 2.207 Thread 0x00000210cc539800 nmethod 1715 0x00000210b85ae650 code [0x00000210b85ae7a0, 0x00000210b85ae8b8]
Event: 2.208 Thread 0x00000210cc539800 1716   !   3       java.util.jar.JarVerifier::processEntry (528 bytes)

GC Heap History (6 events):
Event: 0.657 GC heap before
{Heap before GC invocations=1 (full 0):
 PSYoungGen      total 33280K, used 28672K [0x00000000db100000, 0x00000000dd600000, 0x0000000100000000)
  eden space 28672K, 100% used [0x00000000db100000,0x00000000dcd00000,0x00000000dcd00000)
  from space 4608K, 0% used [0x00000000dd180000,0x00000000dd180000,0x00000000dd600000)
  to   space 4608K, 0% used [0x00000000dcd00000,0x00000000dcd00000,0x00000000dd180000)
 ParOldGen       total 76800K, used 0K [0x0000000091200000, 0x0000000095d00000, 0x00000000db100000)
  object space 76800K, 0% used [0x0000000091200000,0x0000000091200000,0x0000000095d00000)
 Metaspace       used 5601K, capacity 5718K, committed 5760K, reserved 1056768K
  class space    used 599K, capacity 627K, committed 640K, reserved 1048576K
Event: 0.665 GC heap after
Heap after GC invocations=1 (full 0):
 PSYoungGen      total 33280K, used 4593K [0x00000000db100000, 0x00000000df200000, 0x0000000100000000)
  eden space 28672K, 0% used [0x00000000db100000,0x00000000db100000,0x00000000dcd00000)
  from space 4608K, 99% used [0x00000000dcd00000,0x00000000dd17c580,0x00000000dd180000)
  to   space 4608K, 0% used [0x00000000ded80000,0x00000000ded80000,0x00000000df200000)
 ParOldGen       total 76800K, used 837K [0x0000000091200000, 0x0000000095d00000, 0x00000000db100000)
  object space 76800K, 1% used [0x0000000091200000,0x00000000912d1668,0x0000000095d00000)
 Metaspace       used 5601K, capacity 5718K, committed 5760K, reserved 1056768K
  class space    used 599K, capacity 627K, committed 640K, reserved 1048576K
}
Event: 1.059 GC heap before
{Heap before GC invocations=2 (full 0):
 PSYoungGen      total 33280K, used 33265K [0x00000000db100000, 0x00000000df200000, 0x0000000100000000)
  eden space 28672K, 100% used [0x00000000db100000,0x00000000dcd00000,0x00000000dcd00000)
  from space 4608K, 99% used [0x00000000dcd00000,0x00000000dd17c580,0x00000000dd180000)
  to   space 4608K, 0% used [0x00000000ded80000,0x00000000ded80000,0x00000000df200000)
 ParOldGen       total 76800K, used 837K [0x0000000091200000, 0x0000000095d00000, 0x00000000db100000)
  object space 76800K, 1% used [0x0000000091200000,0x00000000912d1668,0x0000000095d00000)
 Metaspace       used 8458K, capacity 8578K, committed 8832K, reserved 1056768K
  class space    used 1011K, capacity 1045K, committed 1152K, reserved 1048576K
Event: 1.070 GC heap after
Heap after GC invocations=2 (full 0):
 PSYoungGen      total 61952K, used 4586K [0x00000000db100000, 0x00000000df200000, 0x0000000100000000)
  eden space 57344K, 0% used [0x00000000db100000,0x00000000db100000,0x00000000de900000)
  from space 4608K, 99% used [0x00000000ded80000,0x00000000df1faaf0,0x00000000df200000)
  to   space 4608K, 0% used [0x00000000de900000,0x00000000de900000,0x00000000ded80000)
 ParOldGen       total 76800K, used 7329K [0x0000000091200000, 0x0000000095d00000, 0x00000000db100000)
  object space 76800K, 9% used [0x0000000091200000,0x00000000919284c0,0x0000000095d00000)
 Metaspace       used 8458K, capacity 8578K, committed 8832K, reserved 1056768K
  class space    used 1011K, capacity 1045K, committed 1152K, reserved 1048576K
}
Event: 1.806 GC heap before
{Heap before GC invocations=3 (full 0):
 PSYoungGen      total 61952K, used 61888K [0x00000000db100000, 0x00000000df200000, 0x0000000100000000)
  eden space 57344K, 99% used [0x00000000db100000,0x00000000de8f5628,0x00000000de900000)
  from space 4608K, 99% used [0x00000000ded80000,0x00000000df1faaf0,0x00000000df200000)
  to   space 4608K, 0% used [0x00000000de900000,0x00000000de900000,0x00000000ded80000)
 ParOldGen       total 76800K, used 7329K [0x0000000091200000, 0x0000000095d00000, 0x00000000db100000)
  object space 76800K, 9% used [0x0000000091200000,0x00000000919284c0,0x0000000095d00000)
 Metaspace       used 13392K, capacity 13502K, committed 13568K, reserved 1060864K
  class space    used 1706K, capacity 1759K, committed 1792K, reserved 1048576K
Event: 1.824 GC heap after
Heap after GC invocations=3 (full 0):
 PSYoungGen      total 61952K, used 4579K [0x00000000db100000, 0x00000000e2a00000, 0x0000000100000000)
  eden space 57344K, 0% used [0x00000000db100000,0x00000000db100000,0x00000000de900000)
  from space 4608K, 99% used [0x00000000de900000,0x00000000ded78f70,0x00000000ded80000)
  to   space 4608K, 0% used [0x00000000e2580000,0x00000000e2580000,0x00000000e2a00000)
 ParOldGen       total 76800K, used 17235K [0x0000000091200000, 0x0000000095d00000, 0x00000000db100000)
  object space 76800K, 22% used [0x0000000091200000,0x00000000922d4eb8,0x0000000095d00000)
 Metaspace       used 13392K, capacity 13502K, committed 13568K, reserved 1060864K
  class space    used 1706K, capacity 1759K, committed 1792K, reserved 1048576K
}

Deoptimization events (10 events):
Event: 1.975 Thread 0x00000210b65e8000 Uncommon trap: reason=bimorphic action=maybe_recompile pc=0x00000210b82ad12c method=java.util.Hashtable.addEntry(ILjava/lang/Object;Ljava/lang/Object;I)V @ 38
Event: 2.059 Thread 0x00000210b65e8000 Uncommon trap: reason=unstable_if action=reinterpret pc=0x00000210b841c8d0 method=java.lang.String.regionMatches(ZILjava/lang/String;II)Z @ 123
Event: 2.059 Thread 0x00000210b65e8000 Uncommon trap: reason=class_check action=maybe_recompile pc=0x00000210b850d7f0 method=org.eclipse.emf.common.notify.impl.BasicNotifierImpl.eNotificationRequired()Z @ 8
Event: 2.097 Thread 0x00000210b65e8000 Uncommon trap: reason=class_check action=maybe_recompile pc=0x00000210b850d7f0 method=org.eclipse.emf.common.notify.impl.BasicNotifierImpl.eNotificationRequired()Z @ 8
Event: 2.117 Thread 0x00000210b65e8000 Uncommon trap: reason=class_check action=maybe_recompile pc=0x00000210b850d7f0 method=org.eclipse.emf.common.notify.impl.BasicNotifierImpl.eNotificationRequired()Z @ 8
Event: 2.117 Thread 0x00000210b65e8000 Uncommon trap: reason=class_check action=maybe_recompile pc=0x00000210b850d7f0 method=org.eclipse.emf.common.notify.impl.BasicNotifierImpl.eNotificationRequired()Z @ 8
Event: 2.118 Thread 0x00000210b65e8000 Uncommon trap: reason=class_check action=maybe_recompile pc=0x00000210b857358c method=org.eclipse.emf.ecore.impl.MinimalEObjectImpl.eDirectResource()Lorg/eclipse/emf/ecore/resource/Resource$Internal; @ 7
Event: 2.121 Thread 0x00000210b65e8000 Uncommon trap: reason=class_check action=maybe_recompile pc=0x00000210b857358c method=org.eclipse.emf.ecore.impl.MinimalEObjectImpl.eDirectResource()Lorg/eclipse/emf/ecore/resource/Resource$Internal; @ 7
Event: 2.122 Thread 0x00000210b65e8000 Uncommon trap: reason=class_check action=maybe_recompile pc=0x00000210b857358c method=org.eclipse.emf.ecore.impl.MinimalEObjectImpl.eDirectResource()Lorg/eclipse/emf/ecore/resource/Resource$Internal; @ 7
Event: 2.122 Thread 0x00000210b65e8000 Uncommon trap: reason=class_check action=maybe_recompile pc=0x00000210b857358c method=org.eclipse.emf.ecore.impl.MinimalEObjectImpl.eDirectResource()Lorg/eclipse/emf/ecore/resource/Resource$Internal; @ 7

Classes redefined (0 events):
No events

Internal exceptions (10 events):
Event: 1.344 Thread 0x00000210b65e8000 Exception <a 'java/lang/ArrayIndexOutOfBoundsException'> (0x00000000dc1ade40) thrown at [C:\cygwin64\tmp\openjdk-jdk8u-windows-x64-hotspot\workspace\build\src\hotspot\src\share\vm\runtime\sharedRuntime.cpp, line 605]
Event: 1.345 Thread 0x00000210b65e8000 Exception <a 'java/lang/ArrayIndexOutOfBoundsException'> (0x00000000dc1cde78) thrown at [C:\cygwin64\tmp\openjdk-jdk8u-windows-x64-hotspot\workspace\build\src\hotspot\src\share\vm\runtime\sharedRuntime.cpp, line 605]
Event: 1.347 Thread 0x00000210b65e8000 Exception <a 'java/lang/ArrayIndexOutOfBoundsException'> (0x00000000dc1e6440) thrown at [C:\cygwin64\tmp\openjdk-jdk8u-windows-x64-hotspot\workspace\build\src\hotspot\src\share\vm\runtime\sharedRuntime.cpp, line 605]
Event: 1.348 Thread 0x00000210b65e8000 Exception <a 'java/lang/ArrayIndexOutOfBoundsException'> (0x00000000dc1fc7e0) thrown at [C:\cygwin64\tmp\openjdk-jdk8u-windows-x64-hotspot\workspace\build\src\hotspot\src\share\vm\runtime\sharedRuntime.cpp, line 605]
Event: 1.349 Thread 0x00000210b65e8000 Exception <a 'java/lang/ArrayIndexOutOfBoundsException'> (0x00000000dc20abd8) thrown at [C:\cygwin64\tmp\openjdk-jdk8u-windows-x64-hotspot\workspace\build\src\hotspot\src\share\vm\runtime\sharedRuntime.cpp, line 605]
Event: 1.352 Thread 0x00000210b65e8000 Exception <a 'java/lang/ArrayIndexOutOfBoundsException'> (0x00000000dc24b3f8) thrown at [C:\cygwin64\tmp\openjdk-jdk8u-windows-x64-hotspot\workspace\build\src\hotspot\src\share\vm\runtime\sharedRuntime.cpp, line 605]
Event: 1.354 Thread 0x00000210b65e8000 Exception <a 'java/lang/ArrayIndexOutOfBoundsException'> (0x00000000dc265ee8) thrown at [C:\cygwin64\tmp\openjdk-jdk8u-windows-x64-hotspot\workspace\build\src\hotspot\src\share\vm\runtime\sharedRuntime.cpp, line 605]
Event: 1.355 Thread 0x00000210b65e8000 Exception <a 'java/lang/ArrayIndexOutOfBoundsException'> (0x00000000dc277348) thrown at [C:\cygwin64\tmp\openjdk-jdk8u-windows-x64-hotspot\workspace\build\src\hotspot\src\share\vm\runtime\sharedRuntime.cpp, line 605]
Event: 1.364 Thread 0x00000210b65e8000 Exception <a 'java/lang/ArrayIndexOutOfBoundsException'> (0x00000000dc352f30) thrown at [C:\cygwin64\tmp\openjdk-jdk8u-windows-x64-hotspot\workspace\build\src\hotspot\src\share\vm\runtime\sharedRuntime.cpp, line 605]
Event: 1.368 Thread 0x00000210b65e8000 Exception <a 'java/lang/ArrayIndexOutOfBoundsException'> (0x00000000dc394258) thrown at [C:\cygwin64\tmp\openjdk-jdk8u-windows-x64-hotspot\workspace\build\src\hotspot\src\share\vm\runtime\sharedRuntime.cpp, line 605]

Events (10 events):
Event: 2.205 loading class com/google/common/collect/RegularImmutableMap$EntrySet
Event: 2.205 loading class com/google/common/collect/RegularImmutableMap$EntrySet done
Event: 2.205 loading class com/google/common/collect/ImmutableMapEntrySet
Event: 2.205 loading class com/google/common/collect/ImmutableMapEntrySet done
Event: 2.206 loading class com/google/common/collect/Hashing
Event: 2.206 loading class com/google/common/collect/Hashing done
Event: 2.207 loading class com/google/common/collect/RegularImmutableBiMap$NonTerminalBiMapEntry
Event: 2.207 loading class com/google/common/collect/RegularImmutableBiMap$NonTerminalBiMapEntry done
Event: 2.207 loading class com/google/common/collect/RegularImmutableBiMap$Inverse
Event: 2.207 loading class com/google/common/collect/RegularImmutableBiMap$Inverse done


Dynamic libraries:
0x00007ff654240000 - 0x00007ff65427a000 	C:\Program Files\AdoptOpenJDK\jdk-8.0.232.09-hotspot\bin\javaw.exe
0x00007ffa2d740000 - 0x00007ffa2d930000 	C:\WINDOWS\SYSTEM32\ntdll.dll
0x00007ffa1ba30000 - 0x00007ffa1ba44000 	C:\Program Files (x86)\AVG\Antivirus\aswhook.dll
0x00007ffa2b890000 - 0x00007ffa2b942000 	C:\WINDOWS\System32\KERNEL32.DLL
0x00007ffa2b0d0000 - 0x00007ffa2b373000 	C:\WINDOWS\System32\KERNELBASE.dll
0x00007ffa2ba20000 - 0x00007ffa2bac3000 	C:\WINDOWS\System32\ADVAPI32.dll
0x00007ffa2cda0000 - 0x00007ffa2ce3e000 	C:\WINDOWS\System32\msvcrt.dll
0x00007ffa2cd00000 - 0x00007ffa2cd97000 	C:\WINDOWS\System32\sechost.dll
0x00007ffa2bd40000 - 0x00007ffa2be60000 	C:\WINDOWS\System32\RPCRT4.dll
0x00007ffa2be60000 - 0x00007ffa2bff4000 	C:\WINDOWS\System32\USER32.dll
0x00007ffa2b600000 - 0x00007ffa2b621000 	C:\WINDOWS\System32\win32u.dll
0x00007ffa2b7f0000 - 0x00007ffa2b816000 	C:\WINDOWS\System32\GDI32.dll
0x00007ffa2ae50000 - 0x00007ffa2afe4000 	C:\WINDOWS\System32\gdi32full.dll
0x00007ffa2b730000 - 0x00007ffa2b7ce000 	C:\WINDOWS\System32\msvcp_win.dll
0x00007ffa2b630000 - 0x00007ffa2b72a000 	C:\WINDOWS\System32\ucrtbase.dll
0x00007ffa21830000 - 0x00007ffa21ab5000 	C:\WINDOWS\WinSxS\amd64_microsoft.windows.common-controls_6595b64144ccf1df_6.0.18362.476_none_e6c4b11b130f2595\COMCTL32.dll
0x00007ffa2c890000 - 0x00007ffa2cbc6000 	C:\WINDOWS\System32\combase.dll
0x00007ffa2b580000 - 0x00007ffa2b600000 	C:\WINDOWS\System32\bcryptPrimitives.dll
0x00007ffa2cfc0000 - 0x00007ffa2cfee000 	C:\WINDOWS\System32\IMM32.DLL
0x00007ffa010b0000 - 0x00007ffa0119f000 	C:\Program Files\AdoptOpenJDK\jdk-8.0.232.09-hotspot\jre\bin\msvcr120.dll
0x00007ffa0b9f0000 - 0x00007ffa0ba96000 	C:\Program Files\AdoptOpenJDK\jdk-8.0.232.09-hotspot\jre\bin\msvcp120.dll
0x0000000075730000 - 0x0000000075f2f000 	C:\Program Files\AdoptOpenJDK\jdk-8.0.232.09-hotspot\jre\bin\server\jvm.dll
0x00007ffa2c820000 - 0x00007ffa2c828000 	C:\WINDOWS\System32\PSAPI.DLL
0x00007ffa1ed20000 - 0x00007ffa1ed29000 	C:\WINDOWS\SYSTEM32\WSOCK32.dll
0x00007ffa2b820000 - 0x00007ffa2b88f000 	C:\WINDOWS\System32\WS2_32.dll
0x00007ffa286a0000 - 0x00007ffa286c4000 	C:\WINDOWS\SYSTEM32\WINMM.dll
0x00007ffa24f70000 - 0x00007ffa24f7a000 	C:\WINDOWS\SYSTEM32\VERSION.dll
0x00007ffa28570000 - 0x00007ffa2859d000 	C:\WINDOWS\SYSTEM32\WINMMBASE.dll
0x00007ffa2b020000 - 0x00007ffa2b06a000 	C:\WINDOWS\System32\cfgmgr32.dll
0x00007ffa28790000 - 0x00007ffa2879f000 	C:\Program Files\AdoptOpenJDK\jdk-8.0.232.09-hotspot\jre\bin\verify.dll
0x00007ffa26ff0000 - 0x00007ffa27018000 	C:\Program Files\AdoptOpenJDK\jdk-8.0.232.09-hotspot\jre\bin\java.dll
0x00007ffa27090000 - 0x00007ffa270a6000 	C:\Program Files\AdoptOpenJDK\jdk-8.0.232.09-hotspot\jre\bin\zip.dll
0x00007ffa2c080000 - 0x00007ffa2c765000 	C:\WINDOWS\System32\SHELL32.dll
0x00007ffa2bc90000 - 0x00007ffa2bd39000 	C:\WINDOWS\System32\shcore.dll
0x00007ffa2a6d0000 - 0x00007ffa2ae4e000 	C:\WINDOWS\System32\windows.storage.dll
0x00007ffa2a620000 - 0x00007ffa2a63f000 	C:\WINDOWS\System32\profapi.dll
0x00007ffa2a680000 - 0x00007ffa2a6ca000 	C:\WINDOWS\System32\powrprof.dll
0x00007ffa2a610000 - 0x00007ffa2a620000 	C:\WINDOWS\System32\UMPDC.dll
0x00007ffa2cc40000 - 0x00007ffa2cc92000 	C:\WINDOWS\System32\shlwapi.dll
0x00007ffa2a660000 - 0x00007ffa2a671000 	C:\WINDOWS\System32\kernel.appcore.dll
0x00007ffa2b7d0000 - 0x00007ffa2b7e7000 	C:\WINDOWS\System32\cryptsp.dll

VM Arguments:
jvm_args: -Duser.language=es_AR -Dfile.encoding=UTF-8 
java_command: org.uqbar.project.wollok.launch.WollokLauncher -requestsPort 0 -eventsPort 0 -folder -dontValidate -wf src/juego.wpgm
java_class_path (initial): C:\Users\fedec\Documents\workspace\git\2019s2-tp-juego-arkanoid-eze-fran-fede\bin;C:\Users\fedec\Documents\plugins\com.ibm.icu_56.1.0.v201601250100.jar;C:\Users\fedec\Documents\plugins\org.eclipse.xtext_2.11.0.v20170130-0808.jar;C:\Users\fedec\Documents\plugins\org.eclipse.emf.ecore.xmi_2.12.0.v20160420-0247.jar;C:\Users\fedec\Documents\plugins\org.eclipse.emf.ecore_2.12.0.v20160420-0247.jar;C:\Users\fedec\Documents\plugins\org.eclipse.emf.common_2.12.0.v20160420-0247.jar;C:\Users\fedec\Documents\plugins\org.antlr.runtime_3.2.0.v201101311130.jar;C:\Users\fedec\Documents\plugins\com.google.inject_3.0.0.v201605172100.jar;C:\Users\fedec\Documents\plugins\org.eclipse.emf.mwe.core_1.5.0.201906111547.jar;C:\Users\fedec\Documents\plugins\org.apache.commons.cli_1.2.0.v201404270220.jar;C:\Users\fedec\Documents\plugins\org.eclipse.emf.mwe2.runtime_2.11.0.201906111547.jar;C:\Users\fedec\Documents\plugins\org.eclipse.emf.mwe.utils_1.5.0.201906111547.jar;C:\Users\fedec\Documents\plugins\org.eclipse.xtext.util_2.11.0.v20170130-0808.jar;C:\Users\fedec\Documents\plugins\com.google.guava_15.0.0.v201403281430.jar;C:\Users\fedec\Documents\plugins\javax.inject_1.0.0.v20091030.jar;C:\Users\fedec\Documents\plugins\org.eclipse.xtext.generator_2.11.0.v20170131-1210.jar;C:\Users\fedec\Documents\plugins\org.eclipse.xtext.xtext.generator_2.11.0.v20170130-0808.jar;C:\Users\fedec\Documents\plugins\org.eclipse.xtext.xbase.lib_2.11.0.v20170124-1424.jar;C:\Users\fedec\Documents\plugins\org.eclipse.emf.codegen.ecore_2.12.0.v20160526-0356.jar;C:\Users\fedec\Documents\plugins\org.eclipse.emf.codegen_2.11.0.v20160526-0356.jar;C:\Users\fedec\Documents\plugins\org.eclipse.xtend_2.2.0.v201605260315.jar;C:\Users\fedec\Documents\plugins\org.eclipse.xpand_2.2.0.v201605260315.jar;C:\Users\fedec\Documents\plugins\org.eclipse.xtend.typesystem.emf_2.2.0.v201605260315.jar;C:\Users\fedec\Documents\plugins\org.eclipse.emf.mwe2.lib_2.9.0.v201605261103.jar;C:\Users\fedec\Documents\plugin
Launcher Type: SUN_STANDARD

Environment Variables:
PATH=C:/Program Files/AdoptOpenJDK/jdk-8.0.232.09-hotspot/bin/../jre/bin/server;C:/Program Files/AdoptOpenJDK/jdk-8.0.232.09-hotspot/bin/../jre/bin;C:/Program Files/AdoptOpenJDK/jdk-8.0.232.09-hotspot/bin/../jre/lib/amd64;C:\Program Files\AdoptOpenJDK\jdk-8.0.232.09-hotspot\bin;C:\Program Files (x86)\NVIDIA Corporation\PhysX\Common;C:\WINDOWS\system32;C:\WINDOWS;C:\WINDOWS\System32\Wbem;C:\WINDOWS\System32\WindowsPowerShell\v1.0\;C:\Program Files (x86)\ATI Technologies\ATI.ACE\Core-Static;C:\Program Files\Calibre2\;C:\WINDOWS\System32\OpenSSH\;C:\Program Files\IDM Computer Solutions\UltraEdit;C:\Users\fedec\AppData\Local\Microsoft\WindowsApps;;C:\Users\fedec\Documents;
USERNAME=fedec
OS=Windows_NT
PROCESSOR_IDENTIFIER=AMD64 Family 21 Model 48 Stepping 1, AuthenticAMD



---------------  S Y S T E M  ---------------

OS: Windows 10.0 , 64 bit Build 18362 (10.0.18362.329)

CPU:total 4 (initial active 4) (4 cores per cpu, 1 threads per core) family 21 model 48 stepping 1, cmov, cx8, fxsr, mmx, sse, sse2, sse3, ssse3, sse4.1, sse4.2, popcnt, avx, aes, clmul, mmxext, 3dnowpref, lzcnt, sse4a, tsc, tscinvbit, tscinv, bmi1

Memory: 4k page, physical 7260904k(1433452k free), swap 7260904k(4084k free)

vm_info: OpenJDK 64-Bit Server VM (25.232-b09) for windows-amd64 JRE (1.8.0_232-b09), built on Oct 18 2019 15:06:13 by "jenkins" with MS VC++ 12.0 (VS2013)

time: Sun Nov 24 23:40:18 2019
timezone: Hora estándar de Argentina
elapsed time: 2 seconds (0d 0h 0m 2s)

