#
# There is insufficient memory for the Java Runtime Environment to continue.
# Native memory allocation (malloc) failed to allocate 262160 bytes for Chunk::new
# Possible reasons:
#   The system is out of physical RAM or swap space
#   The process is running with CompressedOops enabled, and the Java Heap may be blocking the growth of the native heap
# Possible solutions:
#   Reduce memory load on the system
#   Increase physical memory or swap space
#   Check if swap backing store is full
#   Decrease Java heap size (-Xmx/-Xms)
#   Decrease number of Java threads
#   Decrease Java thread stack sizes (-Xss)
#   Set larger code cache with -XX:ReservedCodeCacheSize=
#   JVM is running with Unscaled Compressed Oops mode in which the Java heap is
#     placed in the first 4GB address space. The Java Heap base address is the
#     maximum limit for the native heap growth. Please use -XX:HeapBaseMinAddress
#     to set the Java Heap base and to place the Java Heap above 4GB virtual address.
# This output file may be truncated or incomplete.
#
#  Out of Memory Error (allocation.cpp:389), pid=10676, tid=0x0000000000000324
#
# JRE version: OpenJDK Runtime Environment (8.0_232-b09) (build 1.8.0_232-b09)
# Java VM: OpenJDK 64-Bit Server VM (25.232-b09 mixed mode windows-amd64 compressed oops)
# Failed to write core dump. Minidumps are not enabled by default on client versions of Windows
#

---------------  T H R E A D  ---------------

Current thread (0x000001873ce4e000):  JavaThread "C2 CompilerThread0" daemon [_thread_in_native, id=804, stack(0x0000002365a00000,0x0000002365b00000)]

Stack: [0x0000002365a00000,0x0000002365b00000]
[error occurred during error reporting (printing stack bounds), id 0xc0000005]

Native frames: (J=compiled Java code, j=interpreted, Vv=VM code, C=native code)


Current CompileTask:
C2:  19166 4825       4       org.uqbar.project.wollok.launch.WollokLauncherInterpreterEvaluator::evaluate (502 bytes)


---------------  P R O C E S S  ---------------

Java Threads: ( => current thread )
  0x0000018741da4000 JavaThread "LWJGL Timer" daemon [_thread_blocked, id=10804, stack(0x0000002366500000,0x0000002366600000)]
  0x000001874046d800 JavaThread "LWJGL Application" [_thread_in_native, id=9220, stack(0x0000002366300000,0x0000002366400000)]
  0x000001873e8ae000 JavaThread "com.google.inject.internal.util.$Finalizer" daemon [_thread_blocked, id=1968, stack(0x0000002366000000,0x0000002366100000)]
  0x000001873e80c800 JavaThread "EMF Reference Cleaner" daemon [_thread_blocked, id=6192, stack(0x0000002365f00000,0x0000002366000000)]
  0x000001873cebb000 JavaThread "Service Thread" daemon [_thread_blocked, id=6636, stack(0x0000002365d00000,0x0000002365e00000)]
  0x000001873ceb1800 JavaThread "C1 CompilerThread2" daemon [_thread_blocked, id=10432, stack(0x0000002365c00000,0x0000002365d00000)]
  0x000001873ce9c000 JavaThread "C2 CompilerThread1" daemon [_thread_blocked, id=5020, stack(0x0000002365b00000,0x0000002365c00000)]
=>0x000001873ce4e000 JavaThread "C2 CompilerThread0" daemon [_thread_in_native, id=804, stack(0x0000002365a00000,0x0000002365b00000)]
  0x000001873ce4b800 JavaThread "Attach Listener" daemon [_thread_blocked, id=6632, stack(0x0000002365900000,0x0000002365a00000)]
  0x000001873ce4a000 JavaThread "Signal Dispatcher" daemon [_thread_blocked, id=5328, stack(0x0000002365800000,0x0000002365900000)]
  0x000001873ce25800 JavaThread "Finalizer" daemon [_thread_blocked, id=5792, stack(0x0000002365700000,0x0000002365800000)]
  0x000001873ce1a800 JavaThread "Reference Handler" daemon [_thread_blocked, id=1172, stack(0x0000002365600000,0x0000002365700000)]
  0x0000018727118000 JavaThread "main" [_thread_blocked, id=5924, stack(0x0000002365000000,0x0000002365100000)]

Other Threads:
  0x000001873c6ee800 VMThread [stack: 0x0000002365500000,0x0000002365600000] [id=10204]
  0x000001873cebb800 WatcherThread [stack: 0x0000002365e00000,0x0000002365f00000] [id=6904]

VM state:not at safepoint (normal execution)

VM Mutex/Monitor currently owned by a thread: None

heap address: 0x0000000091200000, size: 1774 MB, Compressed Oops mode: 32-bit
Narrow klass base: 0x0000000000000000, Narrow klass shift: 3
Compressed class space size: 1073741824 Address: 0x0000000100000000

Heap:
 PSYoungGen      total 265728K, used 170842K [0x00000000db100000, 0x00000000ecd80000, 0x0000000100000000)
  eden space 251392K, 67% used [0x00000000db100000,0x00000000e56bb318,0x00000000ea680000)
  from space 14336K, 7% used [0x00000000ea680000,0x00000000ea79b890,0x00000000eb480000)
  to   space 13824K, 0% used [0x00000000ec000000,0x00000000ec000000,0x00000000ecd80000)
 ParOldGen       total 77312K, used 23512K [0x0000000091200000, 0x0000000095d80000, 0x00000000db100000)
  object space 77312K, 30% used [0x0000000091200000,0x00000000928f63f8,0x0000000095d80000)
 Metaspace       used 23209K, capacity 23541K, committed 23808K, reserved 1071104K
  class space    used 2711K, capacity 2785K, committed 2816K, reserved 1048576K

Card table byte_map: [0x0000018737d30000,0x00000187380b0000] byte_map_base: 0x00000187378a7000

Marking Bits: (ParMarkBitMap*) 0x0000000075eb5f70
 Begin Bits: [0x0000018738300000, 0x0000018739eb8000)
 End Bits:   [0x0000018739eb8000, 0x000001873ba70000)

Polling page: 0x0000018727020000

CodeCache: size=245760Kb used=13459Kb max_used=14109Kb free=232300Kb
 bounds [0x0000018728970000, 0x00000187297d0000, 0x0000018737970000]
 total_blobs=4447 nmethods=3877 adapters=483
 compilation: enabled

Compilation events (10 events):
Event: 19.048 Thread 0x000001873ce4e000 nmethod 4816 0x0000018728dc6850 code [0x0000018728dc6e40, 0x0000018728dc7a90]
Event: 19.097 Thread 0x000001873ce9c000 4822       4       java.util.regex.Pattern::newSingle (98 bytes)
Event: 19.099 Thread 0x000001873ce9c000 nmethod 4822 0x00000187292529d0 code [0x0000018729252b20, 0x0000018729252c78]
Event: 19.107 Thread 0x000001873ceb1800 4823       3       com.badlogic.gdx.utils.IntArray::get (54 bytes)
Event: 19.107 Thread 0x000001873ceb1800 nmethod 4823 0x0000018728d24e10 code [0x0000018728d25020, 0x0000018728d25ac0]
Event: 19.107 Thread 0x000001873ceb1800 4824       3       org.lwjgl.openal.AL10::alGetSourcei (8 bytes)
Event: 19.107 Thread 0x000001873ceb1800 nmethod 4824 0x0000018729564dd0 code [0x0000018729564f40, 0x00000187295650b0]
Event: 19.109 Thread 0x000001873ce4e000 4825       4       org.uqbar.project.wollok.launch.WollokLauncherInterpreterEvaluator::evaluate (502 bytes)
Event: 19.135 Thread 0x000001873ceb1800 4826       3       java.lang.Math::max (46 bytes)
Event: 19.136 Thread 0x000001873ceb1800 nmethod 4826 0x0000018729265410 code [0x0000018729265580, 0x00000187292658d8]

GC Heap History (10 events):
Event: 12.985 GC heap before
{Heap before GC invocations=14 (full 1):
 PSYoungGen      total 224768K, used 213806K [0x00000000db100000, 0x00000000ea100000, 0x0000000100000000)
  eden space 212992K, 100% used [0x00000000db100000,0x00000000e8100000,0x00000000e8100000)
  from space 11776K, 6% used [0x00000000e9580000,0x00000000e964b890,0x00000000ea100000)
  to   space 16384K, 0% used [0x00000000e8100000,0x00000000e8100000,0x00000000e9100000)
 ParOldGen       total 77312K, used 23480K [0x0000000091200000, 0x0000000095d80000, 0x00000000db100000)
  object space 77312K, 30% used [0x0000000091200000,0x00000000928ee3f8,0x0000000095d80000)
 Metaspace       used 23005K, capacity 23317K, committed 23552K, reserved 1071104K
  class space    used 2695K, capacity 2753K, committed 2816K, reserved 1048576K
Event: 12.987 GC heap after
Heap after GC invocations=14 (full 1):
 PSYoungGen      total 229376K, used 846K [0x00000000db100000, 0x00000000eb800000, 0x0000000100000000)
  eden space 212992K, 0% used [0x00000000db100000,0x00000000db100000,0x00000000e8100000)
  from space 16384K, 5% used [0x00000000e8100000,0x00000000e81d3890,0x00000000e9100000)
  to   space 16384K, 0% used [0x00000000ea800000,0x00000000ea800000,0x00000000eb800000)
 ParOldGen       total 77312K, used 23488K [0x0000000091200000, 0x0000000095d80000, 0x00000000db100000)
  object space 77312K, 30% used [0x0000000091200000,0x00000000928f03f8,0x0000000095d80000)
 Metaspace       used 23005K, capacity 23317K, committed 23552K, reserved 1071104K
  class space    used 2695K, capacity 2753K, committed 2816K, reserved 1048576K
}
Event: 14.235 GC heap before
{Heap before GC invocations=15 (full 1):
 PSYoungGen      total 229376K, used 213838K [0x00000000db100000, 0x00000000eb800000, 0x0000000100000000)
  eden space 212992K, 100% used [0x00000000db100000,0x00000000e8100000,0x00000000e8100000)
  from space 16384K, 5% used [0x00000000e8100000,0x00000000e81d3890,0x00000000e9100000)
  to   space 16384K, 0% used [0x00000000ea800000,0x00000000ea800000,0x00000000eb800000)
 ParOldGen       total 77312K, used 23488K [0x0000000091200000, 0x0000000095d80000, 0x00000000db100000)
  object space 77312K, 30% used [0x0000000091200000,0x00000000928f03f8,0x0000000095d80000)
 Metaspace       used 23028K, capacity 23317K, committed 23552K, reserved 1071104K
  class space    used 2695K, capacity 2753K, committed 2816K, reserved 1048576K
Event: 14.237 GC heap after
Heap after GC invocations=15 (full 1):
 PSYoungGen      total 245760K, used 942K [0x00000000db100000, 0x00000000eb400000, 0x0000000100000000)
  eden space 233472K, 0% used [0x00000000db100000,0x00000000db100000,0x00000000e9500000)
  from space 12288K, 7% used [0x00000000ea800000,0x00000000ea8eb890,0x00000000eb400000)
  to   space 15872K, 0% used [0x00000000e9500000,0x00000000e9500000,0x00000000ea480000)
 ParOldGen       total 77312K, used 23496K [0x0000000091200000, 0x0000000095d80000, 0x00000000db100000)
  object space 77312K, 30% used [0x0000000091200000,0x00000000928f23f8,0x0000000095d80000)
 Metaspace       used 23028K, capacity 23317K, committed 23552K, reserved 1071104K
  class space    used 2695K, capacity 2753K, committed 2816K, reserved 1048576K
}
Event: 15.550 GC heap before
{Heap before GC invocations=16 (full 1):
 PSYoungGen      total 245760K, used 234414K [0x00000000db100000, 0x00000000eb400000, 0x0000000100000000)
  eden space 233472K, 100% used [0x00000000db100000,0x00000000e9500000,0x00000000e9500000)
  from space 12288K, 7% used [0x00000000ea800000,0x00000000ea8eb890,0x00000000eb400000)
  to   space 15872K, 0% used [0x00000000e9500000,0x00000000e9500000,0x00000000ea480000)
 ParOldGen       total 77312K, used 23496K [0x0000000091200000, 0x0000000095d80000, 0x00000000db100000)
  object space 77312K, 30% used [0x0000000091200000,0x00000000928f23f8,0x0000000095d80000)
 Metaspace       used 23030K, capacity 23317K, committed 23552K, reserved 1071104K
  class space    used 2695K, capacity 2753K, committed 2816K, reserved 1048576K
Event: 15.553 GC heap after
Heap after GC invocations=16 (full 1):
 PSYoungGen      total 249344K, used 942K [0x00000000db100000, 0x00000000ec580000, 0x0000000100000000)
  eden space 233472K, 0% used [0x00000000db100000,0x00000000db100000,0x00000000e9500000)
  from space 15872K, 5% used [0x00000000e9500000,0x00000000e95eb890,0x00000000ea480000)
  to   space 14848K, 0% used [0x00000000eb700000,0x00000000eb700000,0x00000000ec580000)
 ParOldGen       total 77312K, used 23504K [0x0000000091200000, 0x0000000095d80000, 0x00000000db100000)
  object space 77312K, 30% used [0x0000000091200000,0x00000000928f43f8,0x0000000095d80000)
 Metaspace       used 23030K, capacity 23317K, committed 23552K, reserved 1071104K
  class space    used 2695K, capacity 2753K, committed 2816K, reserved 1048576K
}
Event: 16.875 GC heap before
{Heap before GC invocations=17 (full 1):
 PSYoungGen      total 249344K, used 234414K [0x00000000db100000, 0x00000000ec580000, 0x0000000100000000)
  eden space 233472K, 100% used [0x00000000db100000,0x00000000e9500000,0x00000000e9500000)
  from space 15872K, 5% used [0x00000000e9500000,0x00000000e95eb890,0x00000000ea480000)
  to   space 14848K, 0% used [0x00000000eb700000,0x00000000eb700000,0x00000000ec580000)
 ParOldGen       total 77312K, used 23504K [0x0000000091200000, 0x0000000095d80000, 0x00000000db100000)
  object space 77312K, 30% used [0x0000000091200000,0x00000000928f43f8,0x0000000095d80000)
 Metaspace       used 23059K, capacity 23381K, committed 23552K, reserved 1071104K
  class space    used 2695K, capacity 2753K, committed 2816K, reserved 1048576K
Event: 16.877 GC heap after
Heap after GC invocations=17 (full 1):
 PSYoungGen      total 263168K, used 1070K [0x00000000db100000, 0x00000000ec280000, 0x0000000100000000)
  eden space 251392K, 0% used [0x00000000db100000,0x00000000db100000,0x00000000ea680000)
  from space 11776K, 9% used [0x00000000eb700000,0x00000000eb80b890,0x00000000ec280000)
  to   space 14336K, 0% used [0x00000000ea680000,0x00000000ea680000,0x00000000eb480000)
 ParOldGen       total 77312K, used 23512K [0x0000000091200000, 0x0000000095d80000, 0x00000000db100000)
  object space 77312K, 30% used [0x0000000091200000,0x00000000928f63f8,0x0000000095d80000)
 Metaspace       used 23059K, capacity 23381K, committed 23552K, reserved 1071104K
  class space    used 2695K, capacity 2753K, committed 2816K, reserved 1048576K
}
Event: 18.178 GC heap before
{Heap before GC invocations=18 (full 1):
 PSYoungGen      total 263168K, used 252462K [0x00000000db100000, 0x00000000ec280000, 0x0000000100000000)
  eden space 251392K, 100% used [0x00000000db100000,0x00000000ea680000,0x00000000ea680000)
  from space 11776K, 9% used [0x00000000eb700000,0x00000000eb80b890,0x00000000ec280000)
  to   space 14336K, 0% used [0x00000000ea680000,0x00000000ea680000,0x00000000eb480000)
 ParOldGen       total 77312K, used 23512K [0x0000000091200000, 0x0000000095d80000, 0x00000000db100000)
  object space 77312K, 30% used [0x0000000091200000,0x00000000928f63f8,0x0000000095d80000)
 Metaspace       used 23061K, capacity 23381K, committed 23552K, reserved 1071104K
  class space    used 2695K, capacity 2753K, committed 2816K, reserved 1048576K
Event: 18.181 GC heap after
Heap after GC invocations=18 (full 1):
 PSYoungGen      total 265728K, used 1134K [0x00000000db100000, 0x00000000ecd80000, 0x0000000100000000)
  eden space 251392K, 0% used [0x00000000db100000,0x00000000db100000,0x00000000ea680000)
  from space 14336K, 7% used [0x00000000ea680000,0x00000000ea79b890,0x00000000eb480000)
  to   space 13824K, 0% used [0x00000000ec000000,0x00000000ec000000,0x00000000ecd80000)
 ParOldGen       total 77312K, used 23512K [0x0000000091200000, 0x0000000095d80000, 0x00000000db100000)
  object space 77312K, 30% used [0x0000000091200000,0x00000000928f63f8,0x0000000095d80000)
 Metaspace       used 23061K, capacity 23381K, committed 23552K, reserved 1071104K
  class space    used 2695K, capacity 2753K, committed 2816K, reserved 1048576K
}

Deoptimization events (10 events):
Event: 18.314 Thread 0x000001874046d800 Uncommon trap: reason=unstable_if action=reinterpret pc=0x0000018728b7ae20 method=org.uqbar.project.wollok.game.VisualComponent.hasMessages()Z @ 69
Event: 18.499 Thread 0x000001874046d800 Uncommon trap: reason=unstable_if action=reinterpret pc=0x000001872913b234 method=org.uqbar.project.wollok.interpreter.WollokInterpreterEvaluator._isVoid(Lorg/uqbar/project/wollok/interpreter/core/WollokObject;Lorg/eclipse/emf/ecore/EObject;)Z @ 11
Event: 18.499 Thread 0x000001874046d800 Uncommon trap: reason=class_check action=maybe_recompile pc=0x000001872958b264 method=com.google.common.collect.Iterables.toCollection(Ljava/lang/Iterable;)Ljava/util/Collection; @ 15
Event: 18.499 Thread 0x000001874046d800 Uncommon trap: reason=class_check action=maybe_recompile pc=0x0000018729728254 method=org.uqbar.project.wollok.interpreter.threads.WThread.performOnStack(Lorg/eclipse/emf/ecore/EObject;Lorg/uqbar/project/wollok/interpreter/context/EvaluationContext;Lorg/e
Event: 18.499 Thread 0x000001874046d800 Uncommon trap: reason=class_check action=maybe_recompile pc=0x0000018729728254 method=org.uqbar.project.wollok.interpreter.threads.WThread.performOnStack(Lorg/eclipse/emf/ecore/EObject;Lorg/uqbar/project/wollok/interpreter/context/EvaluationContext;Lorg/e
Event: 18.499 Thread 0x000001874046d800 Uncommon trap: reason=class_check action=maybe_recompile pc=0x0000018729728254 method=org.uqbar.project.wollok.interpreter.threads.WThread.performOnStack(Lorg/eclipse/emf/ecore/EObject;Lorg/uqbar/project/wollok/interpreter/context/EvaluationContext;Lorg/e
Event: 18.501 Thread 0x000001874046d800 Uncommon trap: reason=bimorphic action=maybe_recompile pc=0x00000187295bb864 method=com.google.common.base.Joiner.appendTo(Ljava/lang/Appendable;Ljava/util/Iterator;)Ljava/lang/Appendable; @ 6
Event: 18.788 Thread 0x000001874046d800 Uncommon trap: reason=unstable_if action=reinterpret pc=0x0000018728b42a94 method=org.uqbar.project.wollok.interpreter.WollokInterpreterEvaluator._isVoid(Lorg/uqbar/project/wollok/interpreter/core/WollokObject;Lorg/eclipse/emf/ecore/EObject;)Z @ 11
Event: 18.788 Thread 0x000001874046d800 Uncommon trap: reason=class_check action=maybe_recompile pc=0x000001872958b264 method=com.google.common.collect.Iterables.toCollection(Ljava/lang/Iterable;)Ljava/util/Collection; @ 15
Event: 18.789 Thread 0x000001874046d800 Uncommon trap: reason=bimorphic action=maybe_recompile pc=0x00000187295bb864 method=com.google.common.base.Joiner.appendTo(Ljava/lang/Appendable;Ljava/util/Iterator;)Ljava/lang/Appendable; @ 6

Classes redefined (0 events):
No events

Internal exceptions (10 events):
Event: 3.296 Thread 0x0000018727118000 Exception <a 'java/lang/reflect/InvocationTargetException'> (0x00000000de6b5638) thrown at [C:\cygwin64\tmp\openjdk-jdk8u-windows-x64-hotspot\workspace\build\src\hotspot\src\share\vm\runtime\reflection.cpp, line 1092]
Event: 4.182 Thread 0x0000018727118000 Exception <a 'java/security/PrivilegedActionException'> (0x00000000de08cb98) thrown at [C:\cygwin64\tmp\openjdk-jdk8u-windows-x64-hotspot\workspace\build\src\hotspot\src\share\vm\prims\jvm.cpp, line 1502]
Event: 4.182 Thread 0x0000018727118000 Exception <a 'java/security/PrivilegedActionException'> (0x00000000de08e0c8) thrown at [C:\cygwin64\tmp\openjdk-jdk8u-windows-x64-hotspot\workspace\build\src\hotspot\src\share\vm\prims\jvm.cpp, line 1502]
Event: 4.182 Thread 0x0000018727118000 Exception <a 'java/security/PrivilegedActionException'> (0x00000000de08f4f8) thrown at [C:\cygwin64\tmp\openjdk-jdk8u-windows-x64-hotspot\workspace\build\src\hotspot\src\share\vm\prims\jvm.cpp, line 1502]
Event: 4.182 Thread 0x0000018727118000 Exception <a 'java/security/PrivilegedActionException'> (0x00000000de090bb8) thrown at [C:\cygwin64\tmp\openjdk-jdk8u-windows-x64-hotspot\workspace\build\src\hotspot\src\share\vm\prims\jvm.cpp, line 1502]
Event: 4.182 Thread 0x0000018727118000 Exception <a 'java/security/PrivilegedActionException'> (0x00000000de091fb0) thrown at [C:\cygwin64\tmp\openjdk-jdk8u-windows-x64-hotspot\workspace\build\src\hotspot\src\share\vm\prims\jvm.cpp, line 1502]
Event: 4.182 Thread 0x0000018727118000 Exception <a 'java/security/PrivilegedActionException'> (0x00000000de093378) thrown at [C:\cygwin64\tmp\openjdk-jdk8u-windows-x64-hotspot\workspace\build\src\hotspot\src\share\vm\prims\jvm.cpp, line 1502]
Event: 4.735 Thread 0x000001874046d800 Implicit null exception at 0x0000018728bfd900 to 0x0000018728bfdf01
Event: 4.899 Thread 0x000001874046d800 Implicit null exception at 0x0000018729439dd0 to 0x0000018729439e1d
Event: 8.757 Thread 0x000001874046d800 Implicit null exception at 0x00000187296a136c to 0x00000187296a19cd

Events (10 events):
Event: 18.501 Thread 0x000001874046d800 DEOPT UNPACKING pc=0x00000187289b5583 sp=0x00000023663feb80 mode 2
Event: 18.788 Thread 0x000001874046d800 Uncommon trap: trap_request=0xffffff65 fr.pc=0x0000018728b42a94
Event: 18.788 Thread 0x000001874046d800 DEOPT PACKING pc=0x0000018728b42a94 sp=0x00000023663fb3c0
Event: 18.788 Thread 0x000001874046d800 DEOPT UNPACKING pc=0x00000187289b5583 sp=0x00000023663fb2e8 mode 2
Event: 18.788 Thread 0x000001874046d800 Uncommon trap: trap_request=0xffffffde fr.pc=0x000001872958b264
Event: 18.788 Thread 0x000001874046d800 DEOPT PACKING pc=0x000001872958b264 sp=0x00000023663fa900
Event: 18.788 Thread 0x000001874046d800 DEOPT UNPACKING pc=0x00000187289b5583 sp=0x00000023663fa7d0 mode 2
Event: 18.789 Thread 0x000001874046d800 Uncommon trap: trap_request=0xffffffc6 fr.pc=0x00000187295bb864
Event: 18.789 Thread 0x000001874046d800 DEOPT PACKING pc=0x00000187295bb864 sp=0x00000023663feb80
Event: 18.789 Thread 0x000001874046d800 DEOPT UNPACKING pc=0x00000187289b5583 sp=0x00000023663feb80 mode 2


Dynamic libraries:
0x00007ff654240000 - 0x00007ff65427a000 	C:\Program Files\AdoptOpenJDK\jdk-8.0.232.09-hotspot\bin\javaw.exe
0x00007ffa2d740000 - 0x00007ffa2d930000 	C:\WINDOWS\SYSTEM32\ntdll.dll
0x00007ffa1ba30000 - 0x00007ffa1ba44000 	C:\Program Files (x86)\AVG\Antivirus\aswhook.dll
0x00007ffa2b890000 - 0x00007ffa2b942000 	C:\WINDOWS\System32\KERNEL32.DLL
0x00007ffa2b0d0000 - 0x00007ffa2b373000 	C:\WINDOWS\System32\KERNELBASE.dll
0x00007ffa2ba20000 - 0x00007ffa2bac3000 	C:\WINDOWS\System32\ADVAPI32.dll
0x00007ffa2cda0000 - 0x00007ffa2ce3e000 	C:\WINDOWS\System32\msvcrt.dll
0x00007ffa2cd00000 - 0x00007ffa2cd97000 	C:\WINDOWS\System32\sechost.dll
0x00007ffa2bd40000 - 0x00007ffa2be60000 	C:\WINDOWS\System32\RPCRT4.dll
0x00007ffa2be60000 - 0x00007ffa2bff4000 	C:\WINDOWS\System32\USER32.dll
0x00007ffa2b600000 - 0x00007ffa2b621000 	C:\WINDOWS\System32\win32u.dll
0x00007ffa2b7f0000 - 0x00007ffa2b816000 	C:\WINDOWS\System32\GDI32.dll
0x00007ffa2ae50000 - 0x00007ffa2afe4000 	C:\WINDOWS\System32\gdi32full.dll
0x00007ffa2b730000 - 0x00007ffa2b7ce000 	C:\WINDOWS\System32\msvcp_win.dll
0x00007ffa2b630000 - 0x00007ffa2b72a000 	C:\WINDOWS\System32\ucrtbase.dll
0x00007ffa21830000 - 0x00007ffa21ab5000 	C:\WINDOWS\WinSxS\amd64_microsoft.windows.common-controls_6595b64144ccf1df_6.0.18362.476_none_e6c4b11b130f2595\COMCTL32.dll
0x00007ffa2c890000 - 0x00007ffa2cbc6000 	C:\WINDOWS\System32\combase.dll
0x00007ffa2b580000 - 0x00007ffa2b600000 	C:\WINDOWS\System32\bcryptPrimitives.dll
0x00007ffa2cfc0000 - 0x00007ffa2cfee000 	C:\WINDOWS\System32\IMM32.DLL
0x00007ffa010b0000 - 0x00007ffa0119f000 	C:\Program Files\AdoptOpenJDK\jdk-8.0.232.09-hotspot\jre\bin\msvcr120.dll
0x00007ffa0b9f0000 - 0x00007ffa0ba96000 	C:\Program Files\AdoptOpenJDK\jdk-8.0.232.09-hotspot\jre\bin\msvcp120.dll
0x0000000075730000 - 0x0000000075f2f000 	C:\Program Files\AdoptOpenJDK\jdk-8.0.232.09-hotspot\jre\bin\server\jvm.dll
0x00007ffa2c820000 - 0x00007ffa2c828000 	C:\WINDOWS\System32\PSAPI.DLL
0x00007ffa1ed20000 - 0x00007ffa1ed29000 	C:\WINDOWS\SYSTEM32\WSOCK32.dll
0x00007ffa2b820000 - 0x00007ffa2b88f000 	C:\WINDOWS\System32\WS2_32.dll
0x00007ffa286a0000 - 0x00007ffa286c4000 	C:\WINDOWS\SYSTEM32\WINMM.dll
0x00007ffa24f70000 - 0x00007ffa24f7a000 	C:\WINDOWS\SYSTEM32\VERSION.dll
0x00007ffa28570000 - 0x00007ffa2859d000 	C:\WINDOWS\SYSTEM32\WINMMBASE.dll
0x00007ffa2b020000 - 0x00007ffa2b06a000 	C:\WINDOWS\System32\cfgmgr32.dll
0x00007ffa28790000 - 0x00007ffa2879f000 	C:\Program Files\AdoptOpenJDK\jdk-8.0.232.09-hotspot\jre\bin\verify.dll
0x00007ffa26ff0000 - 0x00007ffa27018000 	C:\Program Files\AdoptOpenJDK\jdk-8.0.232.09-hotspot\jre\bin\java.dll
0x00007ffa27090000 - 0x00007ffa270a6000 	C:\Program Files\AdoptOpenJDK\jdk-8.0.232.09-hotspot\jre\bin\zip.dll
0x00007ffa2c080000 - 0x00007ffa2c765000 	C:\WINDOWS\System32\SHELL32.dll
0x00007ffa2bc90000 - 0x00007ffa2bd39000 	C:\WINDOWS\System32\shcore.dll
0x00007ffa2a6d0000 - 0x00007ffa2ae4e000 	C:\WINDOWS\System32\windows.storage.dll
0x00007ffa2a620000 - 0x00007ffa2a63f000 	C:\WINDOWS\System32\profapi.dll
0x00007ffa2a680000 - 0x00007ffa2a6ca000 	C:\WINDOWS\System32\powrprof.dll
0x00007ffa2a610000 - 0x00007ffa2a620000 	C:\WINDOWS\System32\UMPDC.dll
0x00007ffa2cc40000 - 0x00007ffa2cc92000 	C:\WINDOWS\System32\shlwapi.dll
0x00007ffa2a660000 - 0x00007ffa2a671000 	C:\WINDOWS\System32\kernel.appcore.dll
0x00007ffa2b7d0000 - 0x00007ffa2b7e7000 	C:\WINDOWS\System32\cryptsp.dll
0x0000000065580000 - 0x0000000065616000 	C:\Users\fedec\AppData\Local\Temp\libgdxfedec\12dfaa03\gdx64.dll
0x00007ffa299f0000 - 0x00007ffa29a23000 	C:\WINDOWS\system32\rsaenh.dll
0x00007ffa2aff0000 - 0x00007ffa2b016000 	C:\WINDOWS\System32\bcrypt.dll
0x00007ffa2a500000 - 0x00007ffa2a525000 	C:\WINDOWS\SYSTEM32\USERENV.dll
0x00007ffa2a050000 - 0x00007ffa2a05c000 	C:\WINDOWS\SYSTEM32\CRYPTBASE.dll
0x00007ffa27050000 - 0x00007ffa2706a000 	C:\Program Files\AdoptOpenJDK\jdk-8.0.232.09-hotspot\jre\bin\net.dll
0x00007ffa29e80000 - 0x00007ffa29ee7000 	C:\WINDOWS\system32\mswsock.dll
0x00007ffa29b90000 - 0x00007ffa29bca000 	C:\WINDOWS\SYSTEM32\IPHLPAPI.DLL
0x00007ffa2cfb0000 - 0x00007ffa2cfb8000 	C:\WINDOWS\System32\NSI.dll
0x00007ffa234d0000 - 0x00007ffa234e6000 	C:\WINDOWS\SYSTEM32\dhcpcsvc6.DLL
0x00007ffa234b0000 - 0x00007ffa234cc000 	C:\WINDOWS\SYSTEM32\dhcpcsvc.DLL
0x00007ffa29be0000 - 0x00007ffa29caa000 	C:\WINDOWS\SYSTEM32\DNSAPI.dll
0x00007ffa26fd0000 - 0x00007ffa26fe2000 	C:\Program Files\AdoptOpenJDK\jdk-8.0.232.09-hotspot\jre\bin\nio.dll
0x0000000180000000 - 0x0000000180053000 	C:\Users\fedec\AppData\Local\Temp\libgdxfedec\dc0f0009\lwjgl64.dll
0x00007ffa00c90000 - 0x00007ffa00de6000 	C:\WINDOWS\SYSTEM32\OPENGL32.dll
0x00007ffa1a3a0000 - 0x00007ffa1a3cc000 	C:\WINDOWS\SYSTEM32\GLU32.dll
0x00007ffa292f0000 - 0x00007ffa29310000 	C:\WINDOWS\SYSTEM32\dxcore.dll
0x0000018742420000 - 0x0000018742484000 	C:\Users\fedec\AppData\Local\Temp\libgdxfedec\dc0f0009\OpenAL64.dll
0x00007ffa2ce40000 - 0x00007ffa2cf96000 	C:\WINDOWS\System32\ole32.dll
0x00007ffa28950000 - 0x00007ffa289e9000 	C:\WINDOWS\system32\uxtheme.dll
0x00007ffa2c770000 - 0x00007ffa2c812000 	C:\WINDOWS\System32\clbcatq.dll
0x00007ffa0a800000 - 0x00007ffa0a899000 	C:\WINDOWS\SYSTEM32\dsound.dll
0x00007ffa232d0000 - 0x00007ffa23342000 	C:\WINDOWS\System32\MMDevApi.dll
0x00007ffa2a430000 - 0x00007ffa2a45a000 	C:\WINDOWS\System32\DEVOBJ.dll
0x00007ffa23350000 - 0x00007ffa234ad000 	C:\WINDOWS\SYSTEM32\AUDIOSES.DLL
0x00007ffa2b950000 - 0x00007ffa2ba14000 	C:\WINDOWS\System32\OLEAUT32.dll
0x00007ffa26620000 - 0x00007ffa26773000 	C:\WINDOWS\SYSTEM32\wintypes.dll
0x00007ffa28cf0000 - 0x00007ffa28d04000 	C:\WINDOWS\SYSTEM32\resourcepolicyclient.dll
0x00007ffa26150000 - 0x00007ffa261fe000 	C:\WINDOWS\SYSTEM32\mscms.dll
0x00007ffa26070000 - 0x00007ffa26087000 	C:\WINDOWS\SYSTEM32\ColorAdapterClient.dll
0x00007ffa1f4f0000 - 0x00007ffa1f50a000 	C:\Windows\System32\Windows.Internal.Graphics.Display.DisplayColorManagement.dll
0x00007ffa2bb50000 - 0x00007ffa2bc86000 	C:\WINDOWS\System32\MSCTF.dll
0x00007ffa0e9a0000 - 0x00007ffa0e9c7000 	C:\WINDOWS\System32\DriverStore\FileRepository\c0340998.inf_amd64_4e7ad8ec950b7e37\B340755\atig6pxx.dll
0x00007ff9dcb90000 - 0x00007ff9df2c0000 	C:\WINDOWS\System32\DriverStore\FileRepository\c0340998.inf_amd64_4e7ad8ec950b7e37\B340755\atio6axx.dll
0x00007ffa2d1c0000 - 0x00007ffa2d630000 	C:\WINDOWS\System32\SETUPAPI.dll
0x00007ffa0dde0000 - 0x00007ffa0de03000 	C:\WINDOWS\SYSTEM32\dxva2.dll
0x00007ffa28a60000 - 0x00007ffa28a8d000 	C:\WINDOWS\SYSTEM32\dwmapi.dll
0x00007ffa0b880000 - 0x00007ffa0b8ba000 	C:\WINDOWS\System32\DriverStore\FileRepository\c0340998.inf_amd64_4e7ad8ec950b7e37\B340755\atig6txx.dll
0x00007ffa008a0000 - 0x00007ffa00a3f000 	C:\WINDOWS\SYSTEM32\atiadlxx.dll
0x00007ffa26e40000 - 0x00007ffa26f2f000 	C:\WINDOWS\SYSTEM32\PROPSYS.dll
0x00007ffa2b070000 - 0x00007ffa2b0cc000 	C:\WINDOWS\System32\WINTRUST.dll
0x00007ffa2a640000 - 0x00007ffa2a652000 	C:\WINDOWS\System32\MSASN1.dll
0x00007ffa2b380000 - 0x00007ffa2b4c9000 	C:\WINDOWS\System32\CRYPT32.dll
0x00007ffa21b40000 - 0x00007ffa21bde000 	C:\WINDOWS\System32\TextInputFramework.dll
0x00007ffa26780000 - 0x00007ffa26aaa000 	C:\WINDOWS\System32\CoreUIComponents.dll
0x00007ffa27f10000 - 0x00007ffa27fe4000 	C:\WINDOWS\System32\CoreMessaging.dll
0x00007ffa29670000 - 0x00007ffa296a1000 	C:\WINDOWS\SYSTEM32\ntmarta.dll
0x00007ffa20420000 - 0x00007ffa206c6000 	C:\WINDOWS\System32\iertutil.dll
0x00007ffa0ac70000 - 0x00007ffa0acb3000 	C:\WINDOWS\SYSTEM32\icm32.dll

VM Arguments:
jvm_args: -Duser.language=es_AR -Dfile.encoding=UTF-8 
java_command: org.uqbar.project.wollok.launch.WollokLauncher -requestsPort 0 -eventsPort 0 -folder -dontValidate -wf src/juego.wpgm
java_class_path (initial): C:\Users\fedec\Documents\workspace\git\2019s2-tp-juego-arkanoid-eze-fran-fede\bin;C:\Users\fedec\Documents\plugins\com.ibm.icu_56.1.0.v201601250100.jar;C:\Users\fedec\Documents\plugins\org.eclipse.xtext_2.11.0.v20170130-0808.jar;C:\Users\fedec\Documents\plugins\org.eclipse.emf.ecore.xmi_2.12.0.v20160420-0247.jar;C:\Users\fedec\Documents\plugins\org.eclipse.emf.ecore_2.12.0.v20160420-0247.jar;C:\Users\fedec\Documents\plugins\org.eclipse.emf.common_2.12.0.v20160420-0247.jar;C:\Users\fedec\Documents\plugins\org.antlr.runtime_3.2.0.v201101311130.jar;C:\Users\fedec\Documents\plugins\com.google.inject_3.0.0.v201605172100.jar;C:\Users\fedec\Documents\plugins\org.eclipse.emf.mwe.core_1.5.0.201906111547.jar;C:\Users\fedec\Documents\plugins\org.apache.commons.cli_1.2.0.v201404270220.jar;C:\Users\fedec\Documents\plugins\org.eclipse.emf.mwe2.runtime_2.11.0.201906111547.jar;C:\Users\fedec\Documents\plugins\org.eclipse.emf.mwe.utils_1.5.0.201906111547.jar;C:\Users\fedec\Documents\plugins\org.eclipse.xtext.util_2.11.0.v20170130-0808.jar;C:\Users\fedec\Documents\plugins\com.google.guava_15.0.0.v201403281430.jar;C:\Users\fedec\Documents\plugins\javax.inject_1.0.0.v20091030.jar;C:\Users\fedec\Documents\plugins\org.eclipse.xtext.generator_2.11.0.v20170131-1210.jar;C:\Users\fedec\Documents\plugins\org.eclipse.xtext.xtext.generator_2.11.0.v20170130-0808.jar;C:\Users\fedec\Documents\plugins\org.eclipse.xtext.xbase.lib_2.11.0.v20170124-1424.jar;C:\Users\fedec\Documents\plugins\org.eclipse.emf.codegen.ecore_2.12.0.v20160526-0356.jar;C:\Users\fedec\Documents\plugins\org.eclipse.emf.codegen_2.11.0.v20160526-0356.jar;C:\Users\fedec\Documents\plugins\org.eclipse.xtend_2.2.0.v201605260315.jar;C:\Users\fedec\Documents\plugins\org.eclipse.xpand_2.2.0.v201605260315.jar;C:\Users\fedec\Documents\plugins\org.eclipse.xtend.typesystem.emf_2.2.0.v201605260315.jar;C:\Users\fedec\Documents\plugins\org.eclipse.emf.mwe2.lib_2.9.0.v201605261103.jar;C:\Users\fedec\Documents\plugin
Launcher Type: SUN_STANDARD

Environment Variables:
PATH=C:/Program Files/AdoptOpenJDK/jdk-8.0.232.09-hotspot/bin/../jre/bin/server;C:/Program Files/AdoptOpenJDK/jdk-8.0.232.09-hotspot/bin/../jre/bin;C:/Program Files/AdoptOpenJDK/jdk-8.0.232.09-hotspot/bin/../jre/lib/amd64;C:\Program Files\AdoptOpenJDK\jdk-8.0.232.09-hotspot\bin;C:\Program Files (x86)\NVIDIA Corporation\PhysX\Common;C:\WINDOWS\system32;C:\WINDOWS;C:\WINDOWS\System32\Wbem;C:\WINDOWS\System32\WindowsPowerShell\v1.0\;C:\Program Files (x86)\ATI Technologies\ATI.ACE\Core-Static;C:\Program Files\Calibre2\;C:\WINDOWS\System32\OpenSSH\;C:\Program Files\IDM Computer Solutions\UltraEdit;C:\Users\fedec\AppData\Local\Microsoft\WindowsApps;;C:\Users\fedec\Documents;
USERNAME=fedec
OS=Windows_NT
PROCESSOR_IDENTIFIER=AMD64 Family 21 Model 48 Stepping 1, AuthenticAMD



---------------  S Y S T E M  ---------------

OS: Windows 10.0 , 64 bit Build 18362 (10.0.18362.329)

CPU:total 4 (initial active 4) (4 cores per cpu, 1 threads per core) family 21 model 48 stepping 1, cmov, cx8, fxsr, mmx, sse, sse2, sse3, ssse3, sse4.1, sse4.2, popcnt, avx, aes, clmul, mmxext, 3dnowpref, lzcnt, sse4a, tsc, tscinvbit, tscinv, bmi1

Memory: 4k page, physical 7260904k(1324056k free), swap 7260904k(3552k free)

vm_info: OpenJDK 64-Bit Server VM (25.232-b09) for windows-amd64 JRE (1.8.0_232-b09), built on Oct 18 2019 15:06:13 by "jenkins" with MS VC++ 12.0 (VS2013)

time: Sun Nov 24 23:41:36 2019
timezone: Hora estándar de Argentina
elapsed time: 19 seconds (0d 0h 0m 19s)

